[2025-12-24 10:55:32] - [INFO] MySQL 연결 완료 in dbcs_list.py
[2025-12-24 10:55:32] - [INFO] 테이블 초기 셋팅 완료 in dbcs_list.py
[2025-12-24 10:55:33] - [INFO] API 연결 완료 in dbcs_list.py
[2025-12-24 10:55:33] - [INFO] DBCS 목록 수집 시작 in dbcs_list.py
[2025-12-24 10:55:33] - [INFO] load_compartments_with_parents() 완료 in dbcs_list.py
[2025-12-24 10:55:33] - [INFO] build_compartment_paths() 완료 in dbcs_list.py
[2025-12-24 10:55:33] - [INFO] 컴파트먼트별 DBCS 목록 수집, 저장 진행 중 in dbcs_list.py
[2025-12-24 10:55:46] - [INFO] 삭제된 DBCS 정리 완료, 0개 행 삭제 in dbcs_list.py
[2025-12-24 10:55:46] - [INFO] 테넌시 내에 있는 DBCS 목록 저장 완료 in dbcs_list.py
[2025-12-24 11:00:28] - [INFO] MySQL 연결 완료 in dbcs_list.py
[2025-12-24 11:00:28] - [INFO] 테이블 초기 셋팅 완료 in dbcs_list.py
[2025-12-24 11:00:29] - [INFO] API 연결 완료 in dbcs_list.py
[2025-12-24 11:00:29] - [INFO] DBCS 목록 수집 시작 in dbcs_list.py
[2025-12-24 11:00:29] - [INFO] load_compartments_with_parents() 완료 in dbcs_list.py
[2025-12-24 11:00:29] - [INFO] build_compartment_paths() 완료 in dbcs_list.py
[2025-12-24 11:00:29] - [INFO] 컴파트먼트별 DBCS 목록 수집, 저장 진행 중 in dbcs_list.py
[2025-12-24 11:00:37] - [INFO] 삭제된 DBCS 정리 완료, 0개 행 삭제 in dbcs_list.py
[2025-12-24 11:00:37] - [INFO] 테넌시 내에 있는 DBCS 목록 저장 완료 in dbcs_list.py
[2025-12-24 11:05:26] - [INFO] MySQL 연결 완료 in dbcs_list.py
[2025-12-24 11:05:26] - [INFO] 테이블 초기 셋팅 완료 in dbcs_list.py
[2025-12-24 11:05:27] - [INFO] API 연결 완료 in dbcs_list.py
[2025-12-24 11:05:27] - [INFO] DBCS 목록 수집 시작 in dbcs_list.py
[2025-12-24 11:05:27] - [INFO] load_compartments_with_parents() 완료 in dbcs_list.py
[2025-12-24 11:05:27] - [INFO] build_compartment_paths() 완료 in dbcs_list.py
[2025-12-24 11:05:27] - [INFO] 컴파트먼트별 DBCS 목록 수집, 저장 진행 중 in dbcs_list.py
[2025-12-24 11:05:34] - [INFO] 삭제된 DBCS 정리 완료, 0개 행 삭제 in dbcs_list.py
[2025-12-24 11:05:34] - [INFO] 테넌시 내에 있는 DBCS 목록 저장 완료 in dbcs_list.py
[2025-12-24 11:10:33] - [INFO] MySQL 연결 완료 in dbcs_list.py
[2025-12-24 11:10:33] - [INFO] 테이블 초기 셋팅 완료 in dbcs_list.py
[2025-12-24 11:10:34] - [INFO] API 연결 완료 in dbcs_list.py
[2025-12-24 11:10:34] - [INFO] DBCS 목록 수집 시작 in dbcs_list.py
[2025-12-24 11:10:34] - [INFO] load_compartments_with_parents() 완료 in dbcs_list.py
[2025-12-24 11:10:34] - [INFO] build_compartment_paths() 완료 in dbcs_list.py
[2025-12-24 11:10:34] - [INFO] 컴파트먼트별 DBCS 목록 수집, 저장 진행 중 in dbcs_list.py
[2025-12-24 11:10:41] - [INFO] 삭제된 DBCS 정리 완료, 0개 행 삭제 in dbcs_list.py
[2025-12-24 11:10:41] - [INFO] 테넌시 내에 있는 DBCS 목록 저장 완료 in dbcs_list.py
[2025-12-24 11:15:27] - [INFO] MySQL 연결 완료 in dbcs_list.py
[2025-12-24 11:15:27] - [INFO] 테이블 초기 셋팅 완료 in dbcs_list.py
[2025-12-24 11:15:27] - [INFO] API 연결 완료 in dbcs_list.py
[2025-12-24 11:15:27] - [INFO] DBCS 목록 수집 시작 in dbcs_list.py
[2025-12-24 11:15:28] - [INFO] load_compartments_with_parents() 완료 in dbcs_list.py
[2025-12-24 11:15:28] - [INFO] build_compartment_paths() 완료 in dbcs_list.py
[2025-12-24 11:15:28] - [INFO] 컴파트먼트별 DBCS 목록 수집, 저장 진행 중 in dbcs_list.py
[2025-12-24 11:15:36] - [INFO] 삭제된 DBCS 정리 완료, 0개 행 삭제 in dbcs_list.py
[2025-12-24 11:15:36] - [INFO] 테넌시 내에 있는 DBCS 목록 저장 완료 in dbcs_list.py
[2025-12-24 11:20:33] - [INFO] MySQL 연결 완료 in dbcs_list.py
[2025-12-24 11:20:33] - [INFO] 테이블 초기 셋팅 완료 in dbcs_list.py
[2025-12-24 11:20:34] - [INFO] API 연결 완료 in dbcs_list.py
[2025-12-24 11:20:34] - [INFO] DBCS 목록 수집 시작 in dbcs_list.py
[2025-12-24 11:20:34] - [INFO] load_compartments_with_parents() 완료 in dbcs_list.py
[2025-12-24 11:20:34] - [INFO] build_compartment_paths() 완료 in dbcs_list.py
[2025-12-24 11:20:34] - [INFO] 컴파트먼트별 DBCS 목록 수집, 저장 진행 중 in dbcs_list.py
[2025-12-24 11:20:50] - [INFO] 삭제된 DBCS 정리 완료, 0개 행 삭제 in dbcs_list.py
[2025-12-24 11:20:50] - [INFO] 테넌시 내에 있는 DBCS 목록 저장 완료 in dbcs_list.py
[2025-12-24 11:25:27] - [INFO] MySQL 연결 완료 in dbcs_list.py
[2025-12-24 11:25:27] - [INFO] 테이블 초기 셋팅 완료 in dbcs_list.py
[2025-12-24 11:25:28] - [INFO] API 연결 완료 in dbcs_list.py
[2025-12-24 11:25:28] - [INFO] DBCS 목록 수집 시작 in dbcs_list.py
[2025-12-24 11:25:28] - [INFO] load_compartments_with_parents() 완료 in dbcs_list.py
[2025-12-24 11:25:28] - [INFO] build_compartment_paths() 완료 in dbcs_list.py
[2025-12-24 11:25:28] - [INFO] 컴파트먼트별 DBCS 목록 수집, 저장 진행 중 in dbcs_list.py
[2025-12-24 11:25:36] - [INFO] 삭제된 DBCS 정리 완료, 0개 행 삭제 in dbcs_list.py
[2025-12-24 11:25:36] - [INFO] 테넌시 내에 있는 DBCS 목록 저장 완료 in dbcs_list.py
[2025-12-24 11:30:33] - [INFO] MySQL 연결 완료 in dbcs_list.py
[2025-12-24 11:30:33] - [INFO] 테이블 초기 셋팅 완료 in dbcs_list.py
[2025-12-24 11:30:34] - [INFO] API 연결 완료 in dbcs_list.py
[2025-12-24 11:30:34] - [INFO] DBCS 목록 수집 시작 in dbcs_list.py
[2025-12-24 11:30:34] - [INFO] load_compartments_with_parents() 완료 in dbcs_list.py
[2025-12-24 11:30:34] - [INFO] build_compartment_paths() 완료 in dbcs_list.py
[2025-12-24 11:30:34] - [INFO] 컴파트먼트별 DBCS 목록 수집, 저장 진행 중 in dbcs_list.py
[2025-12-24 11:30:46] - [INFO] 삭제된 DBCS 정리 완료, 0개 행 삭제 in dbcs_list.py
[2025-12-24 11:30:46] - [INFO] 테넌시 내에 있는 DBCS 목록 저장 완료 in dbcs_list.py
[2025-12-24 11:35:28] - [INFO] MySQL 연결 완료 in dbcs_list.py
[2025-12-24 11:35:28] - [INFO] 테이블 초기 셋팅 완료 in dbcs_list.py
[2025-12-24 11:35:28] - [INFO] API 연결 완료 in dbcs_list.py
[2025-12-24 11:35:28] - [INFO] DBCS 목록 수집 시작 in dbcs_list.py
[2025-12-24 11:35:28] - [INFO] load_compartments_with_parents() 완료 in dbcs_list.py
[2025-12-24 11:35:28] - [INFO] build_compartment_paths() 완료 in dbcs_list.py
[2025-12-24 11:35:28] - [INFO] 컴파트먼트별 DBCS 목록 수집, 저장 진행 중 in dbcs_list.py
[2025-12-24 11:35:35] - [INFO] 삭제된 DBCS 정리 완료, 0개 행 삭제 in dbcs_list.py
[2025-12-24 11:35:35] - [INFO] 테넌시 내에 있는 DBCS 목록 저장 완료 in dbcs_list.py
[2025-12-24 11:40:30] - [INFO] MySQL 연결 완료 in dbcs_list.py
[2025-12-24 11:40:30] - [INFO] 테이블 초기 셋팅 완료 in dbcs_list.py
[2025-12-24 11:40:30] - [INFO] API 연결 완료 in dbcs_list.py
[2025-12-24 11:40:30] - [INFO] DBCS 목록 수집 시작 in dbcs_list.py
[2025-12-24 11:40:30] - [INFO] load_compartments_with_parents() 완료 in dbcs_list.py
[2025-12-24 11:40:30] - [INFO] build_compartment_paths() 완료 in dbcs_list.py
[2025-12-24 11:40:30] - [INFO] 컴파트먼트별 DBCS 목록 수집, 저장 진행 중 in dbcs_list.py
[2025-12-24 11:40:37] - [INFO] 삭제된 DBCS 정리 완료, 0개 행 삭제 in dbcs_list.py
[2025-12-24 11:40:37] - [INFO] 테넌시 내에 있는 DBCS 목록 저장 완료 in dbcs_list.py
[2025-12-24 11:45:35] - [INFO] MySQL 연결 완료 in dbcs_list.py
[2025-12-24 11:45:35] - [INFO] 테이블 초기 셋팅 완료 in dbcs_list.py
[2025-12-24 11:45:36] - [INFO] API 연결 완료 in dbcs_list.py
[2025-12-24 11:45:36] - [INFO] DBCS 목록 수집 시작 in dbcs_list.py
[2025-12-24 11:45:36] - [INFO] load_compartments_with_parents() 완료 in dbcs_list.py
[2025-12-24 11:45:36] - [INFO] build_compartment_paths() 완료 in dbcs_list.py
[2025-12-24 11:45:36] - [INFO] 컴파트먼트별 DBCS 목록 수집, 저장 진행 중 in dbcs_list.py
[2025-12-24 11:45:42] - [INFO] 삭제된 DBCS 정리 완료, 0개 행 삭제 in dbcs_list.py
[2025-12-24 11:45:42] - [INFO] 테넌시 내에 있는 DBCS 목록 저장 완료 in dbcs_list.py
[2025-12-24 11:50:28] - [INFO] MySQL 연결 완료 in dbcs_list.py
[2025-12-24 11:50:28] - [INFO] 테이블 초기 셋팅 완료 in dbcs_list.py
[2025-12-24 11:50:29] - [INFO] API 연결 완료 in dbcs_list.py
[2025-12-24 11:50:29] - [INFO] DBCS 목록 수집 시작 in dbcs_list.py
[2025-12-24 11:50:29] - [INFO] load_compartments_with_parents() 완료 in dbcs_list.py
[2025-12-24 11:50:29] - [INFO] build_compartment_paths() 완료 in dbcs_list.py
[2025-12-24 11:50:29] - [INFO] 컴파트먼트별 DBCS 목록 수집, 저장 진행 중 in dbcs_list.py
[2025-12-24 11:50:36] - [INFO] 삭제된 DBCS 정리 완료, 0개 행 삭제 in dbcs_list.py
[2025-12-24 11:50:36] - [INFO] 테넌시 내에 있는 DBCS 목록 저장 완료 in dbcs_list.py
[2025-12-24 11:55:36] - [INFO] MySQL 연결 완료 in dbcs_list.py
[2025-12-24 11:55:36] - [INFO] 테이블 초기 셋팅 완료 in dbcs_list.py
[2025-12-24 11:55:37] - [INFO] API 연결 완료 in dbcs_list.py
[2025-12-24 11:55:37] - [INFO] DBCS 목록 수집 시작 in dbcs_list.py
[2025-12-24 11:55:37] - [INFO] load_compartments_with_parents() 완료 in dbcs_list.py
[2025-12-24 11:55:37] - [INFO] build_compartment_paths() 완료 in dbcs_list.py
[2025-12-24 11:55:37] - [INFO] 컴파트먼트별 DBCS 목록 수집, 저장 진행 중 in dbcs_list.py
[2025-12-24 11:55:51] - [INFO] 삭제된 DBCS 정리 완료, 0개 행 삭제 in dbcs_list.py
[2025-12-24 11:55:51] - [INFO] 테넌시 내에 있는 DBCS 목록 저장 완료 in dbcs_list.py
[2025-12-24 12:00:30] - [INFO] MySQL 연결 완료 in dbcs_list.py
[2025-12-24 12:00:30] - [INFO] 테이블 초기 셋팅 완료 in dbcs_list.py
[2025-12-24 12:00:30] - [INFO] API 연결 완료 in dbcs_list.py
[2025-12-24 12:00:30] - [INFO] DBCS 목록 수집 시작 in dbcs_list.py
[2025-12-24 12:00:31] - [INFO] load_compartments_with_parents() 완료 in dbcs_list.py
[2025-12-24 12:00:31] - [INFO] build_compartment_paths() 완료 in dbcs_list.py
[2025-12-24 12:00:31] - [INFO] 컴파트먼트별 DBCS 목록 수집, 저장 진행 중 in dbcs_list.py
[2025-12-24 12:00:38] - [INFO] 삭제된 DBCS 정리 완료, 0개 행 삭제 in dbcs_list.py
[2025-12-24 12:00:38] - [INFO] 테넌시 내에 있는 DBCS 목록 저장 완료 in dbcs_list.py
[2025-12-24 12:05:32] - [INFO] MySQL 연결 완료 in dbcs_list.py
[2025-12-24 12:05:32] - [INFO] 테이블 초기 셋팅 완료 in dbcs_list.py
[2025-12-24 12:05:32] - [INFO] API 연결 완료 in dbcs_list.py
[2025-12-24 12:05:32] - [INFO] DBCS 목록 수집 시작 in dbcs_list.py
[2025-12-24 12:05:33] - [INFO] load_compartments_with_parents() 완료 in dbcs_list.py
[2025-12-24 12:05:33] - [INFO] build_compartment_paths() 완료 in dbcs_list.py
[2025-12-24 12:05:33] - [INFO] 컴파트먼트별 DBCS 목록 수집, 저장 진행 중 in dbcs_list.py
[2025-12-24 12:05:41] - [INFO] 삭제된 DBCS 정리 완료, 0개 행 삭제 in dbcs_list.py
[2025-12-24 12:05:41] - [INFO] 테넌시 내에 있는 DBCS 목록 저장 완료 in dbcs_list.py
[2025-12-24 12:10:27] - [INFO] MySQL 연결 완료 in dbcs_list.py
[2025-12-24 12:10:27] - [INFO] 테이블 초기 셋팅 완료 in dbcs_list.py
[2025-12-24 12:10:28] - [INFO] API 연결 완료 in dbcs_list.py
[2025-12-24 12:10:28] - [INFO] DBCS 목록 수집 시작 in dbcs_list.py
[2025-12-24 12:10:28] - [INFO] load_compartments_with_parents() 완료 in dbcs_list.py
[2025-12-24 12:10:28] - [INFO] build_compartment_paths() 완료 in dbcs_list.py
[2025-12-24 12:10:28] - [INFO] 컴파트먼트별 DBCS 목록 수집, 저장 진행 중 in dbcs_list.py
[2025-12-24 12:10:35] - [INFO] 삭제된 DBCS 정리 완료, 0개 행 삭제 in dbcs_list.py
[2025-12-24 12:10:35] - [INFO] 테넌시 내에 있는 DBCS 목록 저장 완료 in dbcs_list.py
[2025-12-24 12:15:31] - [INFO] MySQL 연결 완료 in dbcs_list.py
[2025-12-24 12:15:31] - [INFO] 테이블 초기 셋팅 완료 in dbcs_list.py
[2025-12-24 12:15:32] - [INFO] API 연결 완료 in dbcs_list.py
[2025-12-24 12:15:32] - [INFO] DBCS 목록 수집 시작 in dbcs_list.py
[2025-12-24 12:15:32] - [INFO] load_compartments_with_parents() 완료 in dbcs_list.py
[2025-12-24 12:15:32] - [INFO] build_compartment_paths() 완료 in dbcs_list.py
[2025-12-24 12:15:32] - [INFO] 컴파트먼트별 DBCS 목록 수집, 저장 진행 중 in dbcs_list.py
[2025-12-24 12:15:44] - [INFO] 삭제된 DBCS 정리 완료, 0개 행 삭제 in dbcs_list.py
[2025-12-24 12:15:44] - [INFO] 테넌시 내에 있는 DBCS 목록 저장 완료 in dbcs_list.py
[2025-12-24 12:20:28] - [INFO] MySQL 연결 완료 in dbcs_list.py
[2025-12-24 12:20:28] - [INFO] 테이블 초기 셋팅 완료 in dbcs_list.py
[2025-12-24 12:20:28] - [INFO] API 연결 완료 in dbcs_list.py
[2025-12-24 12:20:28] - [INFO] DBCS 목록 수집 시작 in dbcs_list.py
[2025-12-24 12:20:28] - [INFO] load_compartments_with_parents() 완료 in dbcs_list.py
[2025-12-24 12:20:28] - [INFO] build_compartment_paths() 완료 in dbcs_list.py
[2025-12-24 12:20:28] - [INFO] 컴파트먼트별 DBCS 목록 수집, 저장 진행 중 in dbcs_list.py
[2025-12-24 12:20:41] - [INFO] 삭제된 DBCS 정리 완료, 0개 행 삭제 in dbcs_list.py
[2025-12-24 12:20:41] - [INFO] 테넌시 내에 있는 DBCS 목록 저장 완료 in dbcs_list.py
[2025-12-24 12:25:29] - [INFO] MySQL 연결 완료 in dbcs_list.py
[2025-12-24 12:25:29] - [INFO] 테이블 초기 셋팅 완료 in dbcs_list.py
[2025-12-24 12:25:30] - [INFO] API 연결 완료 in dbcs_list.py
[2025-12-24 12:25:30] - [INFO] DBCS 목록 수집 시작 in dbcs_list.py
[2025-12-24 12:25:30] - [INFO] load_compartments_with_parents() 완료 in dbcs_list.py
[2025-12-24 12:25:30] - [INFO] build_compartment_paths() 완료 in dbcs_list.py
[2025-12-24 12:25:30] - [INFO] 컴파트먼트별 DBCS 목록 수집, 저장 진행 중 in dbcs_list.py
[2025-12-24 12:25:37] - [INFO] 삭제된 DBCS 정리 완료, 0개 행 삭제 in dbcs_list.py
[2025-12-24 12:25:37] - [INFO] 테넌시 내에 있는 DBCS 목록 저장 완료 in dbcs_list.py
[2025-12-24 12:30:33] - [INFO] MySQL 연결 완료 in dbcs_list.py
[2025-12-24 12:30:33] - [INFO] 테이블 초기 셋팅 완료 in dbcs_list.py
[2025-12-24 12:30:33] - [INFO] API 연결 완료 in dbcs_list.py
[2025-12-24 12:30:33] - [INFO] DBCS 목록 수집 시작 in dbcs_list.py
[2025-12-24 12:30:33] - [INFO] load_compartments_with_parents() 완료 in dbcs_list.py
[2025-12-24 12:30:33] - [INFO] build_compartment_paths() 완료 in dbcs_list.py
[2025-12-24 12:30:33] - [INFO] 컴파트먼트별 DBCS 목록 수집, 저장 진행 중 in dbcs_list.py
[2025-12-24 12:30:48] - [INFO] 삭제된 DBCS 정리 완료, 0개 행 삭제 in dbcs_list.py
[2025-12-24 12:30:48] - [INFO] 테넌시 내에 있는 DBCS 목록 저장 완료 in dbcs_list.py
[2025-12-24 12:35:26] - [INFO] MySQL 연결 완료 in dbcs_list.py
[2025-12-24 12:35:26] - [INFO] 테이블 초기 셋팅 완료 in dbcs_list.py
[2025-12-24 12:35:26] - [INFO] API 연결 완료 in dbcs_list.py
[2025-12-24 12:35:26] - [INFO] DBCS 목록 수집 시작 in dbcs_list.py
[2025-12-24 12:35:27] - [INFO] load_compartments_with_parents() 완료 in dbcs_list.py
[2025-12-24 12:35:27] - [INFO] build_compartment_paths() 완료 in dbcs_list.py
[2025-12-24 12:35:27] - [INFO] 컴파트먼트별 DBCS 목록 수집, 저장 진행 중 in dbcs_list.py
[2025-12-24 12:35:34] - [INFO] 삭제된 DBCS 정리 완료, 0개 행 삭제 in dbcs_list.py
[2025-12-24 12:35:34] - [INFO] 테넌시 내에 있는 DBCS 목록 저장 완료 in dbcs_list.py
[2025-12-24 12:40:31] - [INFO] MySQL 연결 완료 in dbcs_list.py
[2025-12-24 12:40:31] - [INFO] 테이블 초기 셋팅 완료 in dbcs_list.py
[2025-12-24 12:40:32] - [INFO] API 연결 완료 in dbcs_list.py
[2025-12-24 12:40:32] - [INFO] DBCS 목록 수집 시작 in dbcs_list.py
[2025-12-24 12:40:32] - [INFO] load_compartments_with_parents() 완료 in dbcs_list.py
[2025-12-24 12:40:32] - [INFO] build_compartment_paths() 완료 in dbcs_list.py
[2025-12-24 12:40:32] - [INFO] 컴파트먼트별 DBCS 목록 수집, 저장 진행 중 in dbcs_list.py
[2025-12-24 12:40:42] - [INFO] 삭제된 DBCS 정리 완료, 0개 행 삭제 in dbcs_list.py
[2025-12-24 12:40:42] - [INFO] 테넌시 내에 있는 DBCS 목록 저장 완료 in dbcs_list.py
[2025-12-24 12:45:29] - [INFO] MySQL 연결 완료 in dbcs_list.py
[2025-12-24 12:45:29] - [INFO] 테이블 초기 셋팅 완료 in dbcs_list.py
[2025-12-24 12:45:30] - [INFO] API 연결 완료 in dbcs_list.py
[2025-12-24 12:45:30] - [INFO] DBCS 목록 수집 시작 in dbcs_list.py
[2025-12-24 12:45:30] - [INFO] load_compartments_with_parents() 완료 in dbcs_list.py
[2025-12-24 12:45:30] - [INFO] build_compartment_paths() 완료 in dbcs_list.py
[2025-12-24 12:45:30] - [INFO] 컴파트먼트별 DBCS 목록 수집, 저장 진행 중 in dbcs_list.py
[2025-12-24 12:45:37] - [INFO] 삭제된 DBCS 정리 완료, 0개 행 삭제 in dbcs_list.py
[2025-12-24 12:45:37] - [INFO] 테넌시 내에 있는 DBCS 목록 저장 완료 in dbcs_list.py
[2025-12-24 12:50:33] - [INFO] MySQL 연결 완료 in dbcs_list.py
[2025-12-24 12:50:33] - [INFO] 테이블 초기 셋팅 완료 in dbcs_list.py
[2025-12-24 12:50:33] - [INFO] API 연결 완료 in dbcs_list.py
[2025-12-24 12:50:33] - [INFO] DBCS 목록 수집 시작 in dbcs_list.py
[2025-12-24 12:50:34] - [INFO] load_compartments_with_parents() 완료 in dbcs_list.py
[2025-12-24 12:50:34] - [INFO] build_compartment_paths() 완료 in dbcs_list.py
[2025-12-24 12:50:34] - [INFO] 컴파트먼트별 DBCS 목록 수집, 저장 진행 중 in dbcs_list.py
[2025-12-24 12:50:40] - [INFO] 삭제된 DBCS 정리 완료, 0개 행 삭제 in dbcs_list.py
[2025-12-24 12:50:40] - [INFO] 테넌시 내에 있는 DBCS 목록 저장 완료 in dbcs_list.py
[2025-12-24 12:55:29] - [INFO] MySQL 연결 완료 in dbcs_list.py
[2025-12-24 12:55:29] - [INFO] 테이블 초기 셋팅 완료 in dbcs_list.py
[2025-12-24 12:55:30] - [INFO] API 연결 완료 in dbcs_list.py
[2025-12-24 12:55:30] - [INFO] DBCS 목록 수집 시작 in dbcs_list.py
[2025-12-24 12:55:30] - [INFO] load_compartments_with_parents() 완료 in dbcs_list.py
[2025-12-24 12:55:30] - [INFO] build_compartment_paths() 완료 in dbcs_list.py
[2025-12-24 12:55:30] - [INFO] 컴파트먼트별 DBCS 목록 수집, 저장 진행 중 in dbcs_list.py
[2025-12-24 12:55:37] - [INFO] 삭제된 DBCS 정리 완료, 0개 행 삭제 in dbcs_list.py
[2025-12-24 12:55:37] - [INFO] 테넌시 내에 있는 DBCS 목록 저장 완료 in dbcs_list.py
[2025-12-24 13:00:29] - [INFO] MySQL 연결 완료 in dbcs_list.py
[2025-12-24 13:00:29] - [INFO] 테이블 초기 셋팅 완료 in dbcs_list.py
[2025-12-24 13:00:29] - [INFO] API 연결 완료 in dbcs_list.py
[2025-12-24 13:00:29] - [INFO] DBCS 목록 수집 시작 in dbcs_list.py
[2025-12-24 13:00:29] - [INFO] load_compartments_with_parents() 완료 in dbcs_list.py
[2025-12-24 13:00:29] - [INFO] build_compartment_paths() 완료 in dbcs_list.py
[2025-12-24 13:00:29] - [INFO] 컴파트먼트별 DBCS 목록 수집, 저장 진행 중 in dbcs_list.py
[2025-12-24 13:00:36] - [INFO] 삭제된 DBCS 정리 완료, 0개 행 삭제 in dbcs_list.py
[2025-12-24 13:00:36] - [INFO] 테넌시 내에 있는 DBCS 목록 저장 완료 in dbcs_list.py
[2025-12-24 13:05:30] - [INFO] MySQL 연결 완료 in dbcs_list.py
[2025-12-24 13:05:30] - [INFO] 테이블 초기 셋팅 완료 in dbcs_list.py
[2025-12-24 13:05:31] - [INFO] API 연결 완료 in dbcs_list.py
[2025-12-24 13:05:31] - [INFO] DBCS 목록 수집 시작 in dbcs_list.py
[2025-12-24 13:05:31] - [INFO] load_compartments_with_parents() 완료 in dbcs_list.py
[2025-12-24 13:05:31] - [INFO] build_compartment_paths() 완료 in dbcs_list.py
[2025-12-24 13:05:31] - [INFO] 컴파트먼트별 DBCS 목록 수집, 저장 진행 중 in dbcs_list.py
[2025-12-24 13:05:42] - [INFO] 삭제된 DBCS 정리 완료, 0개 행 삭제 in dbcs_list.py
[2025-12-24 13:05:42] - [INFO] 테넌시 내에 있는 DBCS 목록 저장 완료 in dbcs_list.py
[2025-12-24 13:10:29] - [INFO] MySQL 연결 완료 in dbcs_list.py
[2025-12-24 13:10:29] - [INFO] 테이블 초기 셋팅 완료 in dbcs_list.py
[2025-12-24 13:10:30] - [INFO] API 연결 완료 in dbcs_list.py
[2025-12-24 13:10:30] - [INFO] DBCS 목록 수집 시작 in dbcs_list.py
[2025-12-24 13:10:30] - [INFO] load_compartments_with_parents() 완료 in dbcs_list.py
[2025-12-24 13:10:30] - [INFO] build_compartment_paths() 완료 in dbcs_list.py
[2025-12-24 13:10:30] - [INFO] 컴파트먼트별 DBCS 목록 수집, 저장 진행 중 in dbcs_list.py
[2025-12-24 13:10:38] - [INFO] 삭제된 DBCS 정리 완료, 0개 행 삭제 in dbcs_list.py
[2025-12-24 13:10:38] - [INFO] 테넌시 내에 있는 DBCS 목록 저장 완료 in dbcs_list.py
[2025-12-24 13:15:31] - [INFO] MySQL 연결 완료 in dbcs_list.py
[2025-12-24 13:15:31] - [INFO] 테이블 초기 셋팅 완료 in dbcs_list.py
[2025-12-24 13:15:31] - [INFO] API 연결 완료 in dbcs_list.py
[2025-12-24 13:15:31] - [INFO] DBCS 목록 수집 시작 in dbcs_list.py
[2025-12-24 13:15:31] - [INFO] load_compartments_with_parents() 완료 in dbcs_list.py
[2025-12-24 13:15:31] - [INFO] build_compartment_paths() 완료 in dbcs_list.py
[2025-12-24 13:15:31] - [INFO] 컴파트먼트별 DBCS 목록 수집, 저장 진행 중 in dbcs_list.py
[2025-12-24 13:15:43] - [INFO] 삭제된 DBCS 정리 완료, 0개 행 삭제 in dbcs_list.py
[2025-12-24 13:15:43] - [INFO] 테넌시 내에 있는 DBCS 목록 저장 완료 in dbcs_list.py
[2025-12-24 13:20:28] - [INFO] MySQL 연결 완료 in dbcs_list.py
[2025-12-24 13:20:28] - [INFO] 테이블 초기 셋팅 완료 in dbcs_list.py
[2025-12-24 13:20:28] - [INFO] API 연결 완료 in dbcs_list.py
[2025-12-24 13:20:28] - [INFO] DBCS 목록 수집 시작 in dbcs_list.py
[2025-12-24 13:20:29] - [INFO] load_compartments_with_parents() 완료 in dbcs_list.py
[2025-12-24 13:20:29] - [INFO] build_compartment_paths() 완료 in dbcs_list.py
[2025-12-24 13:20:29] - [INFO] 컴파트먼트별 DBCS 목록 수집, 저장 진행 중 in dbcs_list.py
[2025-12-24 13:20:36] - [INFO] 삭제된 DBCS 정리 완료, 0개 행 삭제 in dbcs_list.py
[2025-12-24 13:20:36] - [INFO] 테넌시 내에 있는 DBCS 목록 저장 완료 in dbcs_list.py
[2025-12-27 22:30:27] - [INFO] MySQL 연결 완료 in dbcs_list.py
[2025-12-27 22:30:27] - [INFO] 테이블 초기 셋팅 완료 in dbcs_list.py
[2025-12-27 22:30:28] - [INFO] API 연결 완료 in dbcs_list.py
[2025-12-27 22:30:28] - [INFO] DBCS 목록 수집 시작 in dbcs_list.py
[2025-12-27 22:30:28] - [INFO] load_compartments_with_parents() 완료 in dbcs_list.py
[2025-12-27 22:30:28] - [INFO] build_compartment_paths() 완료 in dbcs_list.py
[2025-12-27 22:30:28] - [INFO] 컴파트먼트별 DBCS 목록 수집, 저장 진행 중 in dbcs_list.py
[2025-12-27 22:30:36] - [INFO] 삭제된 DBCS 정리 완료, 0개 행 삭제 in dbcs_list.py
[2025-12-27 22:30:36] - [INFO] 테넌시 내에 있는 DBCS 목록 저장 완료 in dbcs_list.py
[2025-12-27 22:35:36] - [INFO] MySQL 연결 완료 in dbcs_list.py
[2025-12-27 22:35:36] - [INFO] 테이블 초기 셋팅 완료 in dbcs_list.py
[2025-12-27 22:35:36] - [INFO] API 연결 완료 in dbcs_list.py
[2025-12-27 22:35:36] - [INFO] DBCS 목록 수집 시작 in dbcs_list.py
[2025-12-27 22:35:36] - [INFO] load_compartments_with_parents() 완료 in dbcs_list.py
[2025-12-27 22:35:36] - [INFO] build_compartment_paths() 완료 in dbcs_list.py
[2025-12-27 22:35:36] - [INFO] 컴파트먼트별 DBCS 목록 수집, 저장 진행 중 in dbcs_list.py
[2025-12-27 22:35:44] - [INFO] 삭제된 DBCS 정리 완료, 0개 행 삭제 in dbcs_list.py
[2025-12-27 22:35:44] - [INFO] 테넌시 내에 있는 DBCS 목록 저장 완료 in dbcs_list.py
[2025-12-27 22:40:27] - [INFO] MySQL 연결 완료 in dbcs_list.py
[2025-12-27 22:40:27] - [INFO] 테이블 초기 셋팅 완료 in dbcs_list.py
[2025-12-27 22:40:28] - [INFO] API 연결 완료 in dbcs_list.py
[2025-12-27 22:40:28] - [INFO] DBCS 목록 수집 시작 in dbcs_list.py
[2025-12-27 22:40:28] - [INFO] load_compartments_with_parents() 완료 in dbcs_list.py
[2025-12-27 22:40:28] - [INFO] build_compartment_paths() 완료 in dbcs_list.py
[2025-12-27 22:40:28] - [INFO] 컴파트먼트별 DBCS 목록 수집, 저장 진행 중 in dbcs_list.py
[2025-12-27 22:40:35] - [INFO] 삭제된 DBCS 정리 완료, 0개 행 삭제 in dbcs_list.py
[2025-12-27 22:40:35] - [INFO] 테넌시 내에 있는 DBCS 목록 저장 완료 in dbcs_list.py
[2025-12-27 22:45:30] - [INFO] MySQL 연결 완료 in dbcs_list.py
[2025-12-27 22:45:30] - [INFO] 테이블 초기 셋팅 완료 in dbcs_list.py
[2025-12-27 22:45:31] - [INFO] API 연결 완료 in dbcs_list.py
[2025-12-27 22:45:31] - [INFO] DBCS 목록 수집 시작 in dbcs_list.py
[2025-12-27 22:45:31] - [INFO] load_compartments_with_parents() 완료 in dbcs_list.py
[2025-12-27 22:45:31] - [INFO] build_compartment_paths() 완료 in dbcs_list.py
[2025-12-27 22:45:31] - [INFO] 컴파트먼트별 DBCS 목록 수집, 저장 진행 중 in dbcs_list.py
[2025-12-27 22:45:40] - [INFO] 삭제된 DBCS 정리 완료, 0개 행 삭제 in dbcs_list.py
[2025-12-27 22:45:40] - [INFO] 테넌시 내에 있는 DBCS 목록 저장 완료 in dbcs_list.py
[2025-12-27 22:50:28] - [INFO] MySQL 연결 완료 in dbcs_list.py
[2025-12-27 22:50:28] - [INFO] 테이블 초기 셋팅 완료 in dbcs_list.py
[2025-12-27 22:50:28] - [INFO] API 연결 완료 in dbcs_list.py
[2025-12-27 22:50:28] - [INFO] DBCS 목록 수집 시작 in dbcs_list.py
[2025-12-27 22:50:29] - [INFO] load_compartments_with_parents() 완료 in dbcs_list.py
[2025-12-27 22:50:29] - [INFO] build_compartment_paths() 완료 in dbcs_list.py
[2025-12-27 22:50:29] - [INFO] 컴파트먼트별 DBCS 목록 수집, 저장 진행 중 in dbcs_list.py
[2025-12-27 22:50:36] - [INFO] 삭제된 DBCS 정리 완료, 0개 행 삭제 in dbcs_list.py
[2025-12-27 22:50:36] - [INFO] 테넌시 내에 있는 DBCS 목록 저장 완료 in dbcs_list.py
[2025-12-27 22:55:29] - [INFO] MySQL 연결 완료 in dbcs_list.py
[2025-12-27 22:55:29] - [INFO] 테이블 초기 셋팅 완료 in dbcs_list.py
[2025-12-27 22:55:30] - [INFO] API 연결 완료 in dbcs_list.py
[2025-12-27 22:55:30] - [INFO] DBCS 목록 수집 시작 in dbcs_list.py
[2025-12-27 22:55:30] - [INFO] load_compartments_with_parents() 완료 in dbcs_list.py
[2025-12-27 22:55:30] - [INFO] build_compartment_paths() 완료 in dbcs_list.py
[2025-12-27 22:55:30] - [INFO] 컴파트먼트별 DBCS 목록 수집, 저장 진행 중 in dbcs_list.py
[2025-12-27 22:55:37] - [INFO] 삭제된 DBCS 정리 완료, 0개 행 삭제 in dbcs_list.py
[2025-12-27 22:55:37] - [INFO] 테넌시 내에 있는 DBCS 목록 저장 완료 in dbcs_list.py
[2025-12-27 23:00:36] - [INFO] MySQL 연결 완료 in dbcs_list.py
[2025-12-27 23:00:36] - [INFO] 테이블 초기 셋팅 완료 in dbcs_list.py
[2025-12-27 23:00:37] - [INFO] API 연결 완료 in dbcs_list.py
[2025-12-27 23:00:37] - [INFO] DBCS 목록 수집 시작 in dbcs_list.py
[2025-12-27 23:00:37] - [INFO] load_compartments_with_parents() 완료 in dbcs_list.py
[2025-12-27 23:00:37] - [INFO] build_compartment_paths() 완료 in dbcs_list.py
[2025-12-27 23:00:37] - [INFO] 컴파트먼트별 DBCS 목록 수집, 저장 진행 중 in dbcs_list.py
[2025-12-27 23:00:47] - [INFO] 삭제된 DBCS 정리 완료, 0개 행 삭제 in dbcs_list.py
[2025-12-27 23:00:47] - [INFO] 테넌시 내에 있는 DBCS 목록 저장 완료 in dbcs_list.py
[2025-12-27 23:05:28] - [INFO] MySQL 연결 완료 in dbcs_list.py
[2025-12-27 23:05:28] - [INFO] 테이블 초기 셋팅 완료 in dbcs_list.py
[2025-12-27 23:05:28] - [INFO] API 연결 완료 in dbcs_list.py
[2025-12-27 23:05:28] - [INFO] DBCS 목록 수집 시작 in dbcs_list.py
[2025-12-27 23:05:28] - [INFO] load_compartments_with_parents() 완료 in dbcs_list.py
[2025-12-27 23:05:28] - [INFO] build_compartment_paths() 완료 in dbcs_list.py
[2025-12-27 23:05:28] - [INFO] 컴파트먼트별 DBCS 목록 수집, 저장 진행 중 in dbcs_list.py
[2025-12-27 23:05:36] - [INFO] 삭제된 DBCS 정리 완료, 0개 행 삭제 in dbcs_list.py
[2025-12-27 23:05:36] - [INFO] 테넌시 내에 있는 DBCS 목록 저장 완료 in dbcs_list.py
[2025-12-27 23:10:31] - [INFO] MySQL 연결 완료 in dbcs_list.py
[2025-12-27 23:10:31] - [INFO] 테이블 초기 셋팅 완료 in dbcs_list.py
[2025-12-27 23:10:32] - [INFO] API 연결 완료 in dbcs_list.py
[2025-12-27 23:10:32] - [INFO] DBCS 목록 수집 시작 in dbcs_list.py
[2025-12-27 23:10:32] - [INFO] load_compartments_with_parents() 완료 in dbcs_list.py
[2025-12-27 23:10:32] - [INFO] build_compartment_paths() 완료 in dbcs_list.py
[2025-12-27 23:10:32] - [INFO] 컴파트먼트별 DBCS 목록 수집, 저장 진행 중 in dbcs_list.py
[2025-12-27 23:10:40] - [INFO] 삭제된 DBCS 정리 완료, 0개 행 삭제 in dbcs_list.py
[2025-12-27 23:10:40] - [INFO] 테넌시 내에 있는 DBCS 목록 저장 완료 in dbcs_list.py
[2025-12-27 23:15:27] - [INFO] MySQL 연결 완료 in dbcs_list.py
[2025-12-27 23:15:27] - [INFO] 테이블 초기 셋팅 완료 in dbcs_list.py
[2025-12-27 23:15:28] - [INFO] API 연결 완료 in dbcs_list.py
[2025-12-27 23:15:28] - [INFO] DBCS 목록 수집 시작 in dbcs_list.py
[2025-12-27 23:15:28] - [INFO] load_compartments_with_parents() 완료 in dbcs_list.py
[2025-12-27 23:15:28] - [INFO] build_compartment_paths() 완료 in dbcs_list.py
[2025-12-27 23:15:28] - [INFO] 컴파트먼트별 DBCS 목록 수집, 저장 진행 중 in dbcs_list.py
[2025-12-27 23:15:35] - [INFO] 삭제된 DBCS 정리 완료, 0개 행 삭제 in dbcs_list.py
[2025-12-27 23:15:35] - [INFO] 테넌시 내에 있는 DBCS 목록 저장 완료 in dbcs_list.py
