[2025-12-24 10:55:31] - [INFO] DBCS 백업 수집 시작 in dbcs_backup.py
[2025-12-24 10:55:31] - [INFO] MySQL 연결 완료 in dbcs_backup.py
[2025-12-24 10:55:31] - [INFO] 테이블 초기 셋팅 완료 in dbcs_backup.py
[2025-12-24 10:55:31] - [INFO] API 연결 완료 in dbcs_backup.py
[2025-12-24 10:55:31] - [INFO] DBCS 백업 목록 수집, 저장 중 in dbcs_backup.py
[2025-12-24 10:55:32] - [INFO] DBCS 백업 수집 완료, 총 5개 in dbcs_backup.py
[2025-12-24 10:55:32] - [INFO] 테이블 동기화 작업 시작 in dbcs_backup.py
[2025-12-24 10:55:32] - [INFO] 동기화로 삭제된 row 수: 0 in dbcs_backup.py
[2025-12-24 10:55:32] - [INFO] 테이블 동기화 작업 완료 in dbcs_backup.py
[2025-12-24 11:00:27] - [INFO] DBCS 백업 수집 시작 in dbcs_backup.py
[2025-12-24 11:00:27] - [INFO] MySQL 연결 완료 in dbcs_backup.py
[2025-12-24 11:00:27] - [INFO] 테이블 초기 셋팅 완료 in dbcs_backup.py
[2025-12-24 11:00:28] - [INFO] API 연결 완료 in dbcs_backup.py
[2025-12-24 11:00:28] - [INFO] DBCS 백업 목록 수집, 저장 중 in dbcs_backup.py
[2025-12-24 11:00:28] - [INFO] DBCS 백업 수집 완료, 총 5개 in dbcs_backup.py
[2025-12-24 11:00:28] - [INFO] 테이블 동기화 작업 시작 in dbcs_backup.py
[2025-12-24 11:00:28] - [INFO] 동기화로 삭제된 row 수: 0 in dbcs_backup.py
[2025-12-24 11:00:28] - [INFO] 테이블 동기화 작업 완료 in dbcs_backup.py
[2025-12-24 11:05:25] - [INFO] DBCS 백업 수집 시작 in dbcs_backup.py
[2025-12-24 11:05:25] - [INFO] MySQL 연결 완료 in dbcs_backup.py
[2025-12-24 11:05:25] - [INFO] 테이블 초기 셋팅 완료 in dbcs_backup.py
[2025-12-24 11:05:26] - [INFO] API 연결 완료 in dbcs_backup.py
[2025-12-24 11:05:26] - [INFO] DBCS 백업 목록 수집, 저장 중 in dbcs_backup.py
[2025-12-24 11:05:26] - [INFO] DBCS 백업 수집 완료, 총 5개 in dbcs_backup.py
[2025-12-24 11:05:26] - [INFO] 테이블 동기화 작업 시작 in dbcs_backup.py
[2025-12-24 11:05:26] - [INFO] 동기화로 삭제된 row 수: 0 in dbcs_backup.py
[2025-12-24 11:05:26] - [INFO] 테이블 동기화 작업 완료 in dbcs_backup.py
[2025-12-24 11:10:27] - [INFO] DBCS 백업 수집 시작 in dbcs_backup.py
[2025-12-24 11:10:27] - [INFO] MySQL 연결 완료 in dbcs_backup.py
[2025-12-24 11:10:27] - [INFO] 테이블 초기 셋팅 완료 in dbcs_backup.py
[2025-12-24 11:10:28] - [INFO] API 연결 완료 in dbcs_backup.py
[2025-12-24 11:10:28] - [INFO] DBCS 백업 목록 수집, 저장 중 in dbcs_backup.py
[2025-12-24 11:10:33] - [INFO] DBCS 백업 수집 완료, 총 5개 in dbcs_backup.py
[2025-12-24 11:10:33] - [INFO] 테이블 동기화 작업 시작 in dbcs_backup.py
[2025-12-24 11:10:33] - [INFO] 동기화로 삭제된 row 수: 0 in dbcs_backup.py
[2025-12-24 11:10:33] - [INFO] 테이블 동기화 작업 완료 in dbcs_backup.py
[2025-12-24 11:15:26] - [INFO] DBCS 백업 수집 시작 in dbcs_backup.py
[2025-12-24 11:15:26] - [INFO] MySQL 연결 완료 in dbcs_backup.py
[2025-12-24 11:15:26] - [INFO] 테이블 초기 셋팅 완료 in dbcs_backup.py
[2025-12-24 11:15:26] - [INFO] API 연결 완료 in dbcs_backup.py
[2025-12-24 11:15:26] - [INFO] DBCS 백업 목록 수집, 저장 중 in dbcs_backup.py
[2025-12-24 11:15:27] - [INFO] DBCS 백업 수집 완료, 총 5개 in dbcs_backup.py
[2025-12-24 11:15:27] - [INFO] 테이블 동기화 작업 시작 in dbcs_backup.py
[2025-12-24 11:15:27] - [INFO] 동기화로 삭제된 row 수: 0 in dbcs_backup.py
[2025-12-24 11:15:27] - [INFO] 테이블 동기화 작업 완료 in dbcs_backup.py
[2025-12-24 11:20:32] - [INFO] DBCS 백업 수집 시작 in dbcs_backup.py
[2025-12-24 11:20:32] - [INFO] MySQL 연결 완료 in dbcs_backup.py
[2025-12-24 11:20:32] - [INFO] 테이블 초기 셋팅 완료 in dbcs_backup.py
[2025-12-24 11:20:33] - [INFO] API 연결 완료 in dbcs_backup.py
[2025-12-24 11:20:33] - [INFO] DBCS 백업 목록 수집, 저장 중 in dbcs_backup.py
[2025-12-24 11:20:33] - [INFO] DBCS 백업 수집 완료, 총 5개 in dbcs_backup.py
[2025-12-24 11:20:33] - [INFO] 테이블 동기화 작업 시작 in dbcs_backup.py
[2025-12-24 11:20:33] - [INFO] 동기화로 삭제된 row 수: 0 in dbcs_backup.py
[2025-12-24 11:20:33] - [INFO] 테이블 동기화 작업 완료 in dbcs_backup.py
[2025-12-24 11:25:26] - [INFO] DBCS 백업 수집 시작 in dbcs_backup.py
[2025-12-24 11:25:26] - [INFO] MySQL 연결 완료 in dbcs_backup.py
[2025-12-24 11:25:26] - [INFO] 테이블 초기 셋팅 완료 in dbcs_backup.py
[2025-12-24 11:25:27] - [INFO] API 연결 완료 in dbcs_backup.py
[2025-12-24 11:25:27] - [INFO] DBCS 백업 목록 수집, 저장 중 in dbcs_backup.py
[2025-12-24 11:25:27] - [INFO] DBCS 백업 수집 완료, 총 5개 in dbcs_backup.py
[2025-12-24 11:25:27] - [INFO] 테이블 동기화 작업 시작 in dbcs_backup.py
[2025-12-24 11:25:27] - [INFO] 동기화로 삭제된 row 수: 0 in dbcs_backup.py
[2025-12-24 11:25:27] - [INFO] 테이블 동기화 작업 완료 in dbcs_backup.py
[2025-12-24 11:30:32] - [INFO] DBCS 백업 수집 시작 in dbcs_backup.py
[2025-12-24 11:30:32] - [INFO] MySQL 연결 완료 in dbcs_backup.py
[2025-12-24 11:30:32] - [INFO] 테이블 초기 셋팅 완료 in dbcs_backup.py
[2025-12-24 11:30:32] - [INFO] API 연결 완료 in dbcs_backup.py
[2025-12-24 11:30:32] - [INFO] DBCS 백업 목록 수집, 저장 중 in dbcs_backup.py
[2025-12-24 11:30:33] - [INFO] DBCS 백업 수집 완료, 총 5개 in dbcs_backup.py
[2025-12-24 11:30:33] - [INFO] 테이블 동기화 작업 시작 in dbcs_backup.py
[2025-12-24 11:30:33] - [INFO] 동기화로 삭제된 row 수: 0 in dbcs_backup.py
[2025-12-24 11:30:33] - [INFO] 테이블 동기화 작업 완료 in dbcs_backup.py
[2025-12-24 11:35:26] - [INFO] DBCS 백업 수집 시작 in dbcs_backup.py
[2025-12-24 11:35:26] - [INFO] MySQL 연결 완료 in dbcs_backup.py
[2025-12-24 11:35:26] - [INFO] 테이블 초기 셋팅 완료 in dbcs_backup.py
[2025-12-24 11:35:27] - [INFO] API 연결 완료 in dbcs_backup.py
[2025-12-24 11:35:27] - [INFO] DBCS 백업 목록 수집, 저장 중 in dbcs_backup.py
[2025-12-24 11:35:27] - [INFO] DBCS 백업 수집 완료, 총 5개 in dbcs_backup.py
[2025-12-24 11:35:27] - [INFO] 테이블 동기화 작업 시작 in dbcs_backup.py
[2025-12-24 11:35:27] - [INFO] 동기화로 삭제된 row 수: 0 in dbcs_backup.py
[2025-12-24 11:35:27] - [INFO] 테이블 동기화 작업 완료 in dbcs_backup.py
[2025-12-24 11:40:29] - [INFO] DBCS 백업 수집 시작 in dbcs_backup.py
[2025-12-24 11:40:29] - [INFO] MySQL 연결 완료 in dbcs_backup.py
[2025-12-24 11:40:29] - [INFO] 테이블 초기 셋팅 완료 in dbcs_backup.py
[2025-12-24 11:40:29] - [INFO] API 연결 완료 in dbcs_backup.py
[2025-12-24 11:40:29] - [INFO] DBCS 백업 목록 수집, 저장 중 in dbcs_backup.py
[2025-12-24 11:40:29] - [INFO] DBCS 백업 수집 완료, 총 5개 in dbcs_backup.py
[2025-12-24 11:40:29] - [INFO] 테이블 동기화 작업 시작 in dbcs_backup.py
[2025-12-24 11:40:29] - [INFO] 동기화로 삭제된 row 수: 0 in dbcs_backup.py
[2025-12-24 11:40:29] - [INFO] 테이블 동기화 작업 완료 in dbcs_backup.py
[2025-12-24 11:45:34] - [INFO] DBCS 백업 수집 시작 in dbcs_backup.py
[2025-12-24 11:45:34] - [INFO] MySQL 연결 완료 in dbcs_backup.py
[2025-12-24 11:45:34] - [INFO] 테이블 초기 셋팅 완료 in dbcs_backup.py
[2025-12-24 11:45:34] - [INFO] API 연결 완료 in dbcs_backup.py
[2025-12-24 11:45:34] - [INFO] DBCS 백업 목록 수집, 저장 중 in dbcs_backup.py
[2025-12-24 11:45:35] - [INFO] DBCS 백업 수집 완료, 총 5개 in dbcs_backup.py
[2025-12-24 11:45:35] - [INFO] 테이블 동기화 작업 시작 in dbcs_backup.py
[2025-12-24 11:45:35] - [INFO] 동기화로 삭제된 row 수: 0 in dbcs_backup.py
[2025-12-24 11:45:35] - [INFO] 테이블 동기화 작업 완료 in dbcs_backup.py
[2025-12-24 11:50:27] - [INFO] DBCS 백업 수집 시작 in dbcs_backup.py
[2025-12-24 11:50:27] - [INFO] MySQL 연결 완료 in dbcs_backup.py
[2025-12-24 11:50:27] - [INFO] 테이블 초기 셋팅 완료 in dbcs_backup.py
[2025-12-24 11:50:27] - [INFO] API 연결 완료 in dbcs_backup.py
[2025-12-24 11:50:27] - [INFO] DBCS 백업 목록 수집, 저장 중 in dbcs_backup.py
[2025-12-24 11:50:28] - [INFO] DBCS 백업 수집 완료, 총 5개 in dbcs_backup.py
[2025-12-24 11:50:28] - [INFO] 테이블 동기화 작업 시작 in dbcs_backup.py
[2025-12-24 11:50:28] - [INFO] 동기화로 삭제된 row 수: 0 in dbcs_backup.py
[2025-12-24 11:50:28] - [INFO] 테이블 동기화 작업 완료 in dbcs_backup.py
[2025-12-24 11:55:35] - [INFO] DBCS 백업 수집 시작 in dbcs_backup.py
[2025-12-24 11:55:35] - [INFO] MySQL 연결 완료 in dbcs_backup.py
[2025-12-24 11:55:35] - [INFO] 테이블 초기 셋팅 완료 in dbcs_backup.py
[2025-12-24 11:55:36] - [INFO] API 연결 완료 in dbcs_backup.py
[2025-12-24 11:55:36] - [INFO] DBCS 백업 목록 수집, 저장 중 in dbcs_backup.py
[2025-12-24 11:55:36] - [INFO] DBCS 백업 수집 완료, 총 5개 in dbcs_backup.py
[2025-12-24 11:55:36] - [INFO] 테이블 동기화 작업 시작 in dbcs_backup.py
[2025-12-24 11:55:36] - [INFO] 동기화로 삭제된 row 수: 0 in dbcs_backup.py
[2025-12-24 11:55:36] - [INFO] 테이블 동기화 작업 완료 in dbcs_backup.py
[2025-12-24 12:00:28] - [INFO] DBCS 백업 수집 시작 in dbcs_backup.py
[2025-12-24 12:00:28] - [INFO] MySQL 연결 완료 in dbcs_backup.py
[2025-12-24 12:00:28] - [INFO] 테이블 초기 셋팅 완료 in dbcs_backup.py
[2025-12-24 12:00:29] - [INFO] API 연결 완료 in dbcs_backup.py
[2025-12-24 12:00:29] - [INFO] DBCS 백업 목록 수집, 저장 중 in dbcs_backup.py
[2025-12-24 12:00:29] - [INFO] DBCS 백업 수집 완료, 총 5개 in dbcs_backup.py
[2025-12-24 12:00:29] - [INFO] 테이블 동기화 작업 시작 in dbcs_backup.py
[2025-12-24 12:00:29] - [INFO] 동기화로 삭제된 row 수: 0 in dbcs_backup.py
[2025-12-24 12:00:29] - [INFO] 테이블 동기화 작업 완료 in dbcs_backup.py
[2025-12-24 12:05:27] - [INFO] DBCS 백업 수집 시작 in dbcs_backup.py
[2025-12-24 12:05:27] - [INFO] MySQL 연결 완료 in dbcs_backup.py
[2025-12-24 12:05:27] - [INFO] 테이블 초기 셋팅 완료 in dbcs_backup.py
[2025-12-24 12:05:28] - [INFO] API 연결 완료 in dbcs_backup.py
[2025-12-24 12:05:28] - [INFO] DBCS 백업 목록 수집, 저장 중 in dbcs_backup.py
[2025-12-24 12:05:32] - [INFO] DBCS 백업 수집 완료, 총 5개 in dbcs_backup.py
[2025-12-24 12:05:32] - [INFO] 테이블 동기화 작업 시작 in dbcs_backup.py
[2025-12-24 12:05:32] - [INFO] 동기화로 삭제된 row 수: 0 in dbcs_backup.py
[2025-12-24 12:05:32] - [INFO] 테이블 동기화 작업 완료 in dbcs_backup.py
[2025-12-24 12:10:26] - [INFO] DBCS 백업 수집 시작 in dbcs_backup.py
[2025-12-24 12:10:26] - [INFO] MySQL 연결 완료 in dbcs_backup.py
[2025-12-24 12:10:26] - [INFO] 테이블 초기 셋팅 완료 in dbcs_backup.py
[2025-12-24 12:10:26] - [INFO] API 연결 완료 in dbcs_backup.py
[2025-12-24 12:10:26] - [INFO] DBCS 백업 목록 수집, 저장 중 in dbcs_backup.py
[2025-12-24 12:10:27] - [INFO] DBCS 백업 수집 완료, 총 5개 in dbcs_backup.py
[2025-12-24 12:10:27] - [INFO] 테이블 동기화 작업 시작 in dbcs_backup.py
[2025-12-24 12:10:27] - [INFO] 동기화로 삭제된 row 수: 0 in dbcs_backup.py
[2025-12-24 12:10:27] - [INFO] 테이블 동기화 작업 완료 in dbcs_backup.py
[2025-12-24 12:15:30] - [INFO] DBCS 백업 수집 시작 in dbcs_backup.py
[2025-12-24 12:15:30] - [INFO] MySQL 연결 완료 in dbcs_backup.py
[2025-12-24 12:15:30] - [INFO] 테이블 초기 셋팅 완료 in dbcs_backup.py
[2025-12-24 12:15:31] - [INFO] API 연결 완료 in dbcs_backup.py
[2025-12-24 12:15:31] - [INFO] DBCS 백업 목록 수집, 저장 중 in dbcs_backup.py
[2025-12-24 12:15:31] - [INFO] DBCS 백업 수집 완료, 총 5개 in dbcs_backup.py
[2025-12-24 12:15:31] - [INFO] 테이블 동기화 작업 시작 in dbcs_backup.py
[2025-12-24 12:15:31] - [INFO] 동기화로 삭제된 row 수: 0 in dbcs_backup.py
[2025-12-24 12:15:31] - [INFO] 테이블 동기화 작업 완료 in dbcs_backup.py
[2025-12-24 12:20:26] - [INFO] DBCS 백업 수집 시작 in dbcs_backup.py
[2025-12-24 12:20:26] - [INFO] MySQL 연결 완료 in dbcs_backup.py
[2025-12-24 12:20:26] - [INFO] 테이블 초기 셋팅 완료 in dbcs_backup.py
[2025-12-24 12:20:27] - [INFO] API 연결 완료 in dbcs_backup.py
[2025-12-24 12:20:27] - [INFO] DBCS 백업 목록 수집, 저장 중 in dbcs_backup.py
[2025-12-24 12:20:27] - [INFO] DBCS 백업 수집 완료, 총 5개 in dbcs_backup.py
[2025-12-24 12:20:27] - [INFO] 테이블 동기화 작업 시작 in dbcs_backup.py
[2025-12-24 12:20:27] - [INFO] 동기화로 삭제된 row 수: 0 in dbcs_backup.py
[2025-12-24 12:20:27] - [INFO] 테이블 동기화 작업 완료 in dbcs_backup.py
[2025-12-24 12:25:28] - [INFO] DBCS 백업 수집 시작 in dbcs_backup.py
[2025-12-24 12:25:28] - [INFO] MySQL 연결 완료 in dbcs_backup.py
[2025-12-24 12:25:28] - [INFO] 테이블 초기 셋팅 완료 in dbcs_backup.py
[2025-12-24 12:25:29] - [INFO] API 연결 완료 in dbcs_backup.py
[2025-12-24 12:25:29] - [INFO] DBCS 백업 목록 수집, 저장 중 in dbcs_backup.py
[2025-12-24 12:25:29] - [INFO] DBCS 백업 수집 완료, 총 5개 in dbcs_backup.py
[2025-12-24 12:25:29] - [INFO] 테이블 동기화 작업 시작 in dbcs_backup.py
[2025-12-24 12:25:29] - [INFO] 동기화로 삭제된 row 수: 0 in dbcs_backup.py
[2025-12-24 12:25:29] - [INFO] 테이블 동기화 작업 완료 in dbcs_backup.py
[2025-12-24 12:30:31] - [INFO] DBCS 백업 수집 시작 in dbcs_backup.py
[2025-12-24 12:30:31] - [INFO] MySQL 연결 완료 in dbcs_backup.py
[2025-12-24 12:30:31] - [INFO] 테이블 초기 셋팅 완료 in dbcs_backup.py
[2025-12-24 12:30:32] - [INFO] API 연결 완료 in dbcs_backup.py
[2025-12-24 12:30:32] - [INFO] DBCS 백업 목록 수집, 저장 중 in dbcs_backup.py
[2025-12-24 12:30:32] - [INFO] DBCS 백업 수집 완료, 총 5개 in dbcs_backup.py
[2025-12-24 12:30:32] - [INFO] 테이블 동기화 작업 시작 in dbcs_backup.py
[2025-12-24 12:30:32] - [INFO] 동기화로 삭제된 row 수: 0 in dbcs_backup.py
[2025-12-24 12:30:32] - [INFO] 테이블 동기화 작업 완료 in dbcs_backup.py
[2025-12-24 12:35:25] - [INFO] DBCS 백업 수집 시작 in dbcs_backup.py
[2025-12-24 12:35:25] - [INFO] MySQL 연결 완료 in dbcs_backup.py
[2025-12-24 12:35:25] - [INFO] 테이블 초기 셋팅 완료 in dbcs_backup.py
[2025-12-24 12:35:25] - [INFO] API 연결 완료 in dbcs_backup.py
[2025-12-24 12:35:25] - [INFO] DBCS 백업 목록 수집, 저장 중 in dbcs_backup.py
[2025-12-24 12:35:26] - [INFO] DBCS 백업 수집 완료, 총 5개 in dbcs_backup.py
[2025-12-24 12:35:26] - [INFO] 테이블 동기화 작업 시작 in dbcs_backup.py
[2025-12-24 12:35:26] - [INFO] 동기화로 삭제된 row 수: 0 in dbcs_backup.py
[2025-12-24 12:35:26] - [INFO] 테이블 동기화 작업 완료 in dbcs_backup.py
[2025-12-24 12:40:26] - [INFO] DBCS 백업 수집 시작 in dbcs_backup.py
[2025-12-24 12:40:26] - [INFO] MySQL 연결 완료 in dbcs_backup.py
[2025-12-24 12:40:26] - [INFO] 테이블 초기 셋팅 완료 in dbcs_backup.py
[2025-12-24 12:40:27] - [INFO] API 연결 완료 in dbcs_backup.py
[2025-12-24 12:40:27] - [INFO] DBCS 백업 목록 수집, 저장 중 in dbcs_backup.py
[2025-12-24 12:40:31] - [INFO] DBCS 백업 수집 완료, 총 5개 in dbcs_backup.py
[2025-12-24 12:40:31] - [INFO] 테이블 동기화 작업 시작 in dbcs_backup.py
[2025-12-24 12:40:31] - [INFO] 동기화로 삭제된 row 수: 0 in dbcs_backup.py
[2025-12-24 12:40:31] - [INFO] 테이블 동기화 작업 완료 in dbcs_backup.py
[2025-12-24 12:45:28] - [INFO] DBCS 백업 수집 시작 in dbcs_backup.py
[2025-12-24 12:45:28] - [INFO] MySQL 연결 완료 in dbcs_backup.py
[2025-12-24 12:45:28] - [INFO] 테이블 초기 셋팅 완료 in dbcs_backup.py
[2025-12-24 12:45:28] - [INFO] API 연결 완료 in dbcs_backup.py
[2025-12-24 12:45:28] - [INFO] DBCS 백업 목록 수집, 저장 중 in dbcs_backup.py
[2025-12-24 12:45:29] - [INFO] DBCS 백업 수집 완료, 총 5개 in dbcs_backup.py
[2025-12-24 12:45:29] - [INFO] 테이블 동기화 작업 시작 in dbcs_backup.py
[2025-12-24 12:45:29] - [INFO] 동기화로 삭제된 row 수: 0 in dbcs_backup.py
[2025-12-24 12:45:29] - [INFO] 테이블 동기화 작업 완료 in dbcs_backup.py
[2025-12-24 12:50:32] - [INFO] DBCS 백업 수집 시작 in dbcs_backup.py
[2025-12-24 12:50:32] - [INFO] MySQL 연결 완료 in dbcs_backup.py
[2025-12-24 12:50:32] - [INFO] 테이블 초기 셋팅 완료 in dbcs_backup.py
[2025-12-24 12:50:32] - [INFO] API 연결 완료 in dbcs_backup.py
[2025-12-24 12:50:32] - [INFO] DBCS 백업 목록 수집, 저장 중 in dbcs_backup.py
[2025-12-24 12:50:33] - [INFO] DBCS 백업 수집 완료, 총 5개 in dbcs_backup.py
[2025-12-24 12:50:33] - [INFO] 테이블 동기화 작업 시작 in dbcs_backup.py
[2025-12-24 12:50:33] - [INFO] 동기화로 삭제된 row 수: 0 in dbcs_backup.py
[2025-12-24 12:50:33] - [INFO] 테이블 동기화 작업 완료 in dbcs_backup.py
[2025-12-24 12:55:28] - [INFO] DBCS 백업 수집 시작 in dbcs_backup.py
[2025-12-24 12:55:28] - [INFO] MySQL 연결 완료 in dbcs_backup.py
[2025-12-24 12:55:28] - [INFO] 테이블 초기 셋팅 완료 in dbcs_backup.py
[2025-12-24 12:55:29] - [INFO] API 연결 완료 in dbcs_backup.py
[2025-12-24 12:55:29] - [INFO] DBCS 백업 목록 수집, 저장 중 in dbcs_backup.py
[2025-12-24 12:55:29] - [INFO] DBCS 백업 수집 완료, 총 5개 in dbcs_backup.py
[2025-12-24 12:55:29] - [INFO] 테이블 동기화 작업 시작 in dbcs_backup.py
[2025-12-24 12:55:29] - [INFO] 동기화로 삭제된 row 수: 0 in dbcs_backup.py
[2025-12-24 12:55:29] - [INFO] 테이블 동기화 작업 완료 in dbcs_backup.py
[2025-12-24 13:00:27] - [INFO] DBCS 백업 수집 시작 in dbcs_backup.py
[2025-12-24 13:00:27] - [INFO] MySQL 연결 완료 in dbcs_backup.py
[2025-12-24 13:00:27] - [INFO] 테이블 초기 셋팅 완료 in dbcs_backup.py
[2025-12-24 13:00:28] - [INFO] API 연결 완료 in dbcs_backup.py
[2025-12-24 13:00:28] - [INFO] DBCS 백업 목록 수집, 저장 중 in dbcs_backup.py
[2025-12-24 13:00:28] - [INFO] DBCS 백업 수집 완료, 총 5개 in dbcs_backup.py
[2025-12-24 13:00:28] - [INFO] 테이블 동기화 작업 시작 in dbcs_backup.py
[2025-12-24 13:00:28] - [INFO] 동기화로 삭제된 row 수: 0 in dbcs_backup.py
[2025-12-24 13:00:28] - [INFO] 테이블 동기화 작업 완료 in dbcs_backup.py
[2025-12-24 13:05:29] - [INFO] DBCS 백업 수집 시작 in dbcs_backup.py
[2025-12-24 13:05:29] - [INFO] MySQL 연결 완료 in dbcs_backup.py
[2025-12-24 13:05:29] - [INFO] 테이블 초기 셋팅 완료 in dbcs_backup.py
[2025-12-24 13:05:30] - [INFO] API 연결 완료 in dbcs_backup.py
[2025-12-24 13:05:30] - [INFO] DBCS 백업 목록 수집, 저장 중 in dbcs_backup.py
[2025-12-24 13:05:30] - [INFO] DBCS 백업 수집 완료, 총 5개 in dbcs_backup.py
[2025-12-24 13:05:30] - [INFO] 테이블 동기화 작업 시작 in dbcs_backup.py
[2025-12-24 13:05:30] - [INFO] 동기화로 삭제된 row 수: 0 in dbcs_backup.py
[2025-12-24 13:05:30] - [INFO] 테이블 동기화 작업 완료 in dbcs_backup.py
[2025-12-24 13:10:28] - [INFO] DBCS 백업 수집 시작 in dbcs_backup.py
[2025-12-24 13:10:28] - [INFO] MySQL 연결 완료 in dbcs_backup.py
[2025-12-24 13:10:28] - [INFO] 테이블 초기 셋팅 완료 in dbcs_backup.py
[2025-12-24 13:10:29] - [INFO] API 연결 완료 in dbcs_backup.py
[2025-12-24 13:10:29] - [INFO] DBCS 백업 목록 수집, 저장 중 in dbcs_backup.py
[2025-12-24 13:10:29] - [INFO] DBCS 백업 수집 완료, 총 5개 in dbcs_backup.py
[2025-12-24 13:10:29] - [INFO] 테이블 동기화 작업 시작 in dbcs_backup.py
[2025-12-24 13:10:29] - [INFO] 동기화로 삭제된 row 수: 0 in dbcs_backup.py
[2025-12-24 13:10:29] - [INFO] 테이블 동기화 작업 완료 in dbcs_backup.py
[2025-12-24 13:15:29] - [INFO] DBCS 백업 수집 시작 in dbcs_backup.py
[2025-12-24 13:15:29] - [INFO] MySQL 연결 완료 in dbcs_backup.py
[2025-12-24 13:15:29] - [INFO] 테이블 초기 셋팅 완료 in dbcs_backup.py
[2025-12-24 13:15:30] - [INFO] API 연결 완료 in dbcs_backup.py
[2025-12-24 13:15:30] - [INFO] DBCS 백업 목록 수집, 저장 중 in dbcs_backup.py
[2025-12-24 13:15:30] - [INFO] DBCS 백업 수집 완료, 총 5개 in dbcs_backup.py
[2025-12-24 13:15:30] - [INFO] 테이블 동기화 작업 시작 in dbcs_backup.py
[2025-12-24 13:15:30] - [INFO] 동기화로 삭제된 row 수: 0 in dbcs_backup.py
[2025-12-24 13:15:30] - [INFO] 테이블 동기화 작업 완료 in dbcs_backup.py
[2025-12-24 13:20:27] - [INFO] DBCS 백업 수집 시작 in dbcs_backup.py
[2025-12-24 13:20:27] - [INFO] MySQL 연결 완료 in dbcs_backup.py
[2025-12-24 13:20:27] - [INFO] 테이블 초기 셋팅 완료 in dbcs_backup.py
[2025-12-24 13:20:27] - [INFO] API 연결 완료 in dbcs_backup.py
[2025-12-24 13:20:27] - [INFO] DBCS 백업 목록 수집, 저장 중 in dbcs_backup.py
[2025-12-24 13:20:28] - [INFO] DBCS 백업 수집 완료, 총 5개 in dbcs_backup.py
[2025-12-24 13:20:28] - [INFO] 테이블 동기화 작업 시작 in dbcs_backup.py
[2025-12-24 13:20:28] - [INFO] 동기화로 삭제된 row 수: 0 in dbcs_backup.py
[2025-12-24 13:20:28] - [INFO] 테이블 동기화 작업 완료 in dbcs_backup.py
[2025-12-27 22:30:26] - [INFO] DBCS 백업 수집 시작 in dbcs_backup.py
[2025-12-27 22:30:26] - [INFO] MySQL 연결 완료 in dbcs_backup.py
[2025-12-27 22:30:26] - [INFO] 테이블 초기 셋팅 완료 in dbcs_backup.py
[2025-12-27 22:30:27] - [INFO] API 연결 완료 in dbcs_backup.py
[2025-12-27 22:30:27] - [INFO] DBCS 백업 목록 수집, 저장 중 in dbcs_backup.py
[2025-12-27 22:30:27] - [INFO] DBCS 백업 수집 완료, 총 10개 in dbcs_backup.py
[2025-12-27 22:30:27] - [INFO] 테이블 동기화 작업 시작 in dbcs_backup.py
[2025-12-27 22:30:27] - [INFO] 동기화로 삭제된 row 수: 0 in dbcs_backup.py
[2025-12-27 22:30:27] - [INFO] 테이블 동기화 작업 완료 in dbcs_backup.py
[2025-12-27 22:35:30] - [INFO] DBCS 백업 수집 시작 in dbcs_backup.py
[2025-12-27 22:35:30] - [INFO] MySQL 연결 완료 in dbcs_backup.py
[2025-12-27 22:35:30] - [INFO] 테이블 초기 셋팅 완료 in dbcs_backup.py
[2025-12-27 22:35:30] - [INFO] API 연결 완료 in dbcs_backup.py
[2025-12-27 22:35:30] - [INFO] DBCS 백업 목록 수집, 저장 중 in dbcs_backup.py
[2025-12-27 22:35:35] - [INFO] DBCS 백업 수집 완료, 총 10개 in dbcs_backup.py
[2025-12-27 22:35:35] - [INFO] 테이블 동기화 작업 시작 in dbcs_backup.py
[2025-12-27 22:35:35] - [INFO] 동기화로 삭제된 row 수: 0 in dbcs_backup.py
[2025-12-27 22:35:35] - [INFO] 테이블 동기화 작업 완료 in dbcs_backup.py
[2025-12-27 22:40:26] - [INFO] DBCS 백업 수집 시작 in dbcs_backup.py
[2025-12-27 22:40:26] - [INFO] MySQL 연결 완료 in dbcs_backup.py
[2025-12-27 22:40:26] - [INFO] 테이블 초기 셋팅 완료 in dbcs_backup.py
[2025-12-27 22:40:27] - [INFO] API 연결 완료 in dbcs_backup.py
[2025-12-27 22:40:27] - [INFO] DBCS 백업 목록 수집, 저장 중 in dbcs_backup.py
[2025-12-27 22:40:27] - [INFO] DBCS 백업 수집 완료, 총 10개 in dbcs_backup.py
[2025-12-27 22:40:27] - [INFO] 테이블 동기화 작업 시작 in dbcs_backup.py
[2025-12-27 22:40:27] - [INFO] 동기화로 삭제된 row 수: 0 in dbcs_backup.py
[2025-12-27 22:40:27] - [INFO] 테이블 동기화 작업 완료 in dbcs_backup.py
[2025-12-27 22:45:27] - [INFO] DBCS 백업 수집 시작 in dbcs_backup.py
[2025-12-27 22:45:27] - [INFO] MySQL 연결 완료 in dbcs_backup.py
[2025-12-27 22:45:27] - [INFO] 테이블 초기 셋팅 완료 in dbcs_backup.py
[2025-12-27 22:45:28] - [INFO] API 연결 완료 in dbcs_backup.py
[2025-12-27 22:45:28] - [INFO] DBCS 백업 목록 수집, 저장 중 in dbcs_backup.py
[2025-12-27 22:45:30] - [INFO] DBCS 백업 수집 완료, 총 10개 in dbcs_backup.py
[2025-12-27 22:45:30] - [INFO] 테이블 동기화 작업 시작 in dbcs_backup.py
[2025-12-27 22:45:30] - [INFO] 동기화로 삭제된 row 수: 0 in dbcs_backup.py
[2025-12-27 22:45:30] - [INFO] 테이블 동기화 작업 완료 in dbcs_backup.py
[2025-12-27 22:50:27] - [INFO] DBCS 백업 수집 시작 in dbcs_backup.py
[2025-12-27 22:50:27] - [INFO] MySQL 연결 완료 in dbcs_backup.py
[2025-12-27 22:50:27] - [INFO] 테이블 초기 셋팅 완료 in dbcs_backup.py
[2025-12-27 22:50:27] - [INFO] API 연결 완료 in dbcs_backup.py
[2025-12-27 22:50:27] - [INFO] DBCS 백업 목록 수집, 저장 중 in dbcs_backup.py
[2025-12-27 22:50:28] - [INFO] DBCS 백업 수집 완료, 총 10개 in dbcs_backup.py
[2025-12-27 22:50:28] - [INFO] 테이블 동기화 작업 시작 in dbcs_backup.py
[2025-12-27 22:50:28] - [INFO] 동기화로 삭제된 row 수: 0 in dbcs_backup.py
[2025-12-27 22:50:28] - [INFO] 테이블 동기화 작업 완료 in dbcs_backup.py
[2025-12-27 22:55:28] - [INFO] DBCS 백업 수집 시작 in dbcs_backup.py
[2025-12-27 22:55:28] - [INFO] MySQL 연결 완료 in dbcs_backup.py
[2025-12-27 22:55:28] - [INFO] 테이블 초기 셋팅 완료 in dbcs_backup.py
[2025-12-27 22:55:28] - [INFO] API 연결 완료 in dbcs_backup.py
[2025-12-27 22:55:28] - [INFO] DBCS 백업 목록 수집, 저장 중 in dbcs_backup.py
[2025-12-27 22:55:29] - [INFO] DBCS 백업 수집 완료, 총 10개 in dbcs_backup.py
[2025-12-27 22:55:29] - [INFO] 테이블 동기화 작업 시작 in dbcs_backup.py
[2025-12-27 22:55:29] - [INFO] 동기화로 삭제된 row 수: 0 in dbcs_backup.py
[2025-12-27 22:55:29] - [INFO] 테이블 동기화 작업 완료 in dbcs_backup.py
[2025-12-27 23:00:33] - [INFO] DBCS 백업 수집 시작 in dbcs_backup.py
[2025-12-27 23:00:33] - [INFO] MySQL 연결 완료 in dbcs_backup.py
[2025-12-27 23:00:33] - [INFO] 테이블 초기 셋팅 완료 in dbcs_backup.py
[2025-12-27 23:00:34] - [INFO] API 연결 완료 in dbcs_backup.py
[2025-12-27 23:00:34] - [INFO] DBCS 백업 목록 수집, 저장 중 in dbcs_backup.py
[2025-12-27 23:00:36] - [INFO] DBCS 백업 수집 완료, 총 10개 in dbcs_backup.py
[2025-12-27 23:00:36] - [INFO] 테이블 동기화 작업 시작 in dbcs_backup.py
[2025-12-27 23:00:36] - [INFO] 동기화로 삭제된 row 수: 0 in dbcs_backup.py
[2025-12-27 23:00:36] - [INFO] 테이블 동기화 작업 완료 in dbcs_backup.py
[2025-12-27 23:05:27] - [INFO] DBCS 백업 수집 시작 in dbcs_backup.py
[2025-12-27 23:05:27] - [INFO] MySQL 연결 완료 in dbcs_backup.py
[2025-12-27 23:05:27] - [INFO] 테이블 초기 셋팅 완료 in dbcs_backup.py
[2025-12-27 23:05:27] - [INFO] API 연결 완료 in dbcs_backup.py
[2025-12-27 23:05:27] - [INFO] DBCS 백업 목록 수집, 저장 중 in dbcs_backup.py
[2025-12-27 23:05:27] - [INFO] DBCS 백업 수집 완료, 총 10개 in dbcs_backup.py
[2025-12-27 23:05:27] - [INFO] 테이블 동기화 작업 시작 in dbcs_backup.py
[2025-12-27 23:05:27] - [INFO] 동기화로 삭제된 row 수: 0 in dbcs_backup.py
[2025-12-27 23:05:27] - [INFO] 테이블 동기화 작업 완료 in dbcs_backup.py
[2025-12-27 23:10:27] - [INFO] DBCS 백업 수집 시작 in dbcs_backup.py
[2025-12-27 23:10:27] - [INFO] MySQL 연결 완료 in dbcs_backup.py
[2025-12-27 23:10:27] - [INFO] 테이블 초기 셋팅 완료 in dbcs_backup.py
[2025-12-27 23:10:28] - [INFO] API 연결 완료 in dbcs_backup.py
[2025-12-27 23:10:28] - [INFO] DBCS 백업 목록 수집, 저장 중 in dbcs_backup.py
[2025-12-27 23:10:31] - [INFO] DBCS 백업 수집 완료, 총 10개 in dbcs_backup.py
[2025-12-27 23:10:31] - [INFO] 테이블 동기화 작업 시작 in dbcs_backup.py
[2025-12-27 23:10:31] - [INFO] 동기화로 삭제된 row 수: 0 in dbcs_backup.py
[2025-12-27 23:10:31] - [INFO] 테이블 동기화 작업 완료 in dbcs_backup.py
[2025-12-27 23:15:26] - [INFO] DBCS 백업 수집 시작 in dbcs_backup.py
[2025-12-27 23:15:26] - [INFO] MySQL 연결 완료 in dbcs_backup.py
[2025-12-27 23:15:26] - [INFO] 테이블 초기 셋팅 완료 in dbcs_backup.py
[2025-12-27 23:15:27] - [INFO] API 연결 완료 in dbcs_backup.py
[2025-12-27 23:15:27] - [INFO] DBCS 백업 목록 수집, 저장 중 in dbcs_backup.py
[2025-12-27 23:15:27] - [INFO] DBCS 백업 수집 완료, 총 10개 in dbcs_backup.py
[2025-12-27 23:15:27] - [INFO] 테이블 동기화 작업 시작 in dbcs_backup.py
[2025-12-27 23:15:27] - [INFO] 동기화로 삭제된 row 수: 0 in dbcs_backup.py
[2025-12-27 23:15:27] - [INFO] 테이블 동기화 작업 완료 in dbcs_backup.py
