[2025-12-24 10:55:30] - [INFO] API 연결 완료 in instance_volume.py
[2025-12-24 10:55:30] - [INFO] MySQL 연결 완료 in instance_volume.py
[2025-12-24 10:55:30] - [INFO] 테이블 초기 셋팅 완료 in instance_volume.py
[2025-12-24 10:55:30] - [INFO] 인스턴스 볼륨 목록 수집 시작 in instance_volume.py
[2025-12-24 10:55:31] - [INFO] 인스턴스 볼륨 목록 저장 완료 in instance_volume.py
[2025-12-24 11:00:26] - [INFO] API 연결 완료 in instance_volume.py
[2025-12-24 11:00:26] - [INFO] MySQL 연결 완료 in instance_volume.py
[2025-12-24 11:00:26] - [INFO] 테이블 초기 셋팅 완료 in instance_volume.py
[2025-12-24 11:00:26] - [INFO] 인스턴스 볼륨 목록 수집 시작 in instance_volume.py
[2025-12-24 11:00:27] - [INFO] 인스턴스 볼륨 목록 저장 완료 in instance_volume.py
[2025-12-24 11:05:24] - [INFO] API 연결 완료 in instance_volume.py
[2025-12-24 11:05:24] - [INFO] MySQL 연결 완료 in instance_volume.py
[2025-12-24 11:05:24] - [INFO] 테이블 초기 셋팅 완료 in instance_volume.py
[2025-12-24 11:05:24] - [INFO] 인스턴스 볼륨 목록 수집 시작 in instance_volume.py
[2025-12-24 11:05:25] - [INFO] 인스턴스 볼륨 목록 저장 완료 in instance_volume.py
[2025-12-24 11:10:26] - [INFO] API 연결 완료 in instance_volume.py
[2025-12-24 11:10:26] - [INFO] MySQL 연결 완료 in instance_volume.py
[2025-12-24 11:10:26] - [INFO] 테이블 초기 셋팅 완료 in instance_volume.py
[2025-12-24 11:10:26] - [INFO] 인스턴스 볼륨 목록 수집 시작 in instance_volume.py
[2025-12-24 11:10:27] - [INFO] 인스턴스 볼륨 목록 저장 완료 in instance_volume.py
[2025-12-24 11:15:25] - [INFO] API 연결 완료 in instance_volume.py
[2025-12-24 11:15:25] - [INFO] MySQL 연결 완료 in instance_volume.py
[2025-12-24 11:15:25] - [INFO] 테이블 초기 셋팅 완료 in instance_volume.py
[2025-12-24 11:15:25] - [INFO] 인스턴스 볼륨 목록 수집 시작 in instance_volume.py
[2025-12-24 11:15:26] - [INFO] 인스턴스 볼륨 목록 저장 완료 in instance_volume.py
[2025-12-24 11:20:31] - [INFO] API 연결 완료 in instance_volume.py
[2025-12-24 11:20:31] - [INFO] MySQL 연결 완료 in instance_volume.py
[2025-12-24 11:20:31] - [INFO] 테이블 초기 셋팅 완료 in instance_volume.py
[2025-12-24 11:20:31] - [INFO] 인스턴스 볼륨 목록 수집 시작 in instance_volume.py
[2025-12-24 11:20:32] - [INFO] 인스턴스 볼륨 목록 저장 완료 in instance_volume.py
[2025-12-24 11:25:25] - [INFO] API 연결 완료 in instance_volume.py
[2025-12-24 11:25:25] - [INFO] MySQL 연결 완료 in instance_volume.py
[2025-12-24 11:25:25] - [INFO] 테이블 초기 셋팅 완료 in instance_volume.py
[2025-12-24 11:25:25] - [INFO] 인스턴스 볼륨 목록 수집 시작 in instance_volume.py
[2025-12-24 11:25:26] - [INFO] 인스턴스 볼륨 목록 저장 완료 in instance_volume.py
[2025-12-24 11:30:31] - [INFO] API 연결 완료 in instance_volume.py
[2025-12-24 11:30:31] - [INFO] MySQL 연결 완료 in instance_volume.py
[2025-12-24 11:30:31] - [INFO] 테이블 초기 셋팅 완료 in instance_volume.py
[2025-12-24 11:30:31] - [INFO] 인스턴스 볼륨 목록 수집 시작 in instance_volume.py
[2025-12-24 11:30:32] - [INFO] 인스턴스 볼륨 목록 저장 완료 in instance_volume.py
[2025-12-24 11:35:25] - [INFO] API 연결 완료 in instance_volume.py
[2025-12-24 11:35:25] - [INFO] MySQL 연결 완료 in instance_volume.py
[2025-12-24 11:35:25] - [INFO] 테이블 초기 셋팅 완료 in instance_volume.py
[2025-12-24 11:35:25] - [INFO] 인스턴스 볼륨 목록 수집 시작 in instance_volume.py
[2025-12-24 11:35:26] - [INFO] 인스턴스 볼륨 목록 저장 완료 in instance_volume.py
[2025-12-24 11:40:27] - [INFO] API 연결 완료 in instance_volume.py
[2025-12-24 11:40:27] - [INFO] MySQL 연결 완료 in instance_volume.py
[2025-12-24 11:40:27] - [INFO] 테이블 초기 셋팅 완료 in instance_volume.py
[2025-12-24 11:40:27] - [INFO] 인스턴스 볼륨 목록 수집 시작 in instance_volume.py
[2025-12-24 11:40:28] - [INFO] 인스턴스 볼륨 목록 저장 완료 in instance_volume.py
[2025-12-24 11:45:33] - [INFO] API 연결 완료 in instance_volume.py
[2025-12-24 11:45:33] - [INFO] MySQL 연결 완료 in instance_volume.py
[2025-12-24 11:45:33] - [INFO] 테이블 초기 셋팅 완료 in instance_volume.py
[2025-12-24 11:45:33] - [INFO] 인스턴스 볼륨 목록 수집 시작 in instance_volume.py
[2025-12-24 11:45:33] - [INFO] 인스턴스 볼륨 목록 저장 완료 in instance_volume.py
[2025-12-24 11:50:26] - [INFO] API 연결 완료 in instance_volume.py
[2025-12-24 11:50:26] - [INFO] MySQL 연결 완료 in instance_volume.py
[2025-12-24 11:50:26] - [INFO] 테이블 초기 셋팅 완료 in instance_volume.py
[2025-12-24 11:50:26] - [INFO] 인스턴스 볼륨 목록 수집 시작 in instance_volume.py
[2025-12-24 11:50:27] - [INFO] 인스턴스 볼륨 목록 저장 완료 in instance_volume.py
[2025-12-24 11:55:34] - [INFO] API 연결 완료 in instance_volume.py
[2025-12-24 11:55:34] - [INFO] MySQL 연결 완료 in instance_volume.py
[2025-12-24 11:55:34] - [INFO] 테이블 초기 셋팅 완료 in instance_volume.py
[2025-12-24 11:55:34] - [INFO] 인스턴스 볼륨 목록 수집 시작 in instance_volume.py
[2025-12-24 11:55:35] - [INFO] 인스턴스 볼륨 목록 저장 완료 in instance_volume.py
[2025-12-24 12:00:27] - [INFO] API 연결 완료 in instance_volume.py
[2025-12-24 12:00:27] - [INFO] MySQL 연결 완료 in instance_volume.py
[2025-12-24 12:00:27] - [INFO] 테이블 초기 셋팅 완료 in instance_volume.py
[2025-12-24 12:00:27] - [INFO] 인스턴스 볼륨 목록 수집 시작 in instance_volume.py
[2025-12-24 12:00:28] - [INFO] 인스턴스 볼륨 목록 저장 완료 in instance_volume.py
[2025-12-24 12:05:26] - [INFO] API 연결 완료 in instance_volume.py
[2025-12-24 12:05:26] - [INFO] MySQL 연결 완료 in instance_volume.py
[2025-12-24 12:05:26] - [INFO] 테이블 초기 셋팅 완료 in instance_volume.py
[2025-12-24 12:05:26] - [INFO] 인스턴스 볼륨 목록 수집 시작 in instance_volume.py
[2025-12-24 12:05:27] - [INFO] 인스턴스 볼륨 목록 저장 완료 in instance_volume.py
[2025-12-24 12:10:25] - [INFO] API 연결 완료 in instance_volume.py
[2025-12-24 12:10:25] - [INFO] MySQL 연결 완료 in instance_volume.py
[2025-12-24 12:10:25] - [INFO] 테이블 초기 셋팅 완료 in instance_volume.py
[2025-12-24 12:10:25] - [INFO] 인스턴스 볼륨 목록 수집 시작 in instance_volume.py
[2025-12-24 12:10:26] - [INFO] 인스턴스 볼륨 목록 저장 완료 in instance_volume.py
[2025-12-24 12:15:29] - [INFO] API 연결 완료 in instance_volume.py
[2025-12-24 12:15:29] - [INFO] MySQL 연결 완료 in instance_volume.py
[2025-12-24 12:15:29] - [INFO] 테이블 초기 셋팅 완료 in instance_volume.py
[2025-12-24 12:15:29] - [INFO] 인스턴스 볼륨 목록 수집 시작 in instance_volume.py
[2025-12-24 12:15:30] - [INFO] 인스턴스 볼륨 목록 저장 완료 in instance_volume.py
[2025-12-24 12:20:25] - [INFO] API 연결 완료 in instance_volume.py
[2025-12-24 12:20:25] - [INFO] MySQL 연결 완료 in instance_volume.py
[2025-12-24 12:20:25] - [INFO] 테이블 초기 셋팅 완료 in instance_volume.py
[2025-12-24 12:20:25] - [INFO] 인스턴스 볼륨 목록 수집 시작 in instance_volume.py
[2025-12-24 12:20:26] - [INFO] 인스턴스 볼륨 목록 저장 완료 in instance_volume.py
[2025-12-24 12:25:27] - [INFO] API 연결 완료 in instance_volume.py
[2025-12-24 12:25:27] - [INFO] MySQL 연결 완료 in instance_volume.py
[2025-12-24 12:25:27] - [INFO] 테이블 초기 셋팅 완료 in instance_volume.py
[2025-12-24 12:25:27] - [INFO] 인스턴스 볼륨 목록 수집 시작 in instance_volume.py
[2025-12-24 12:25:28] - [INFO] 인스턴스 볼륨 목록 저장 완료 in instance_volume.py
[2025-12-24 12:30:30] - [INFO] API 연결 완료 in instance_volume.py
[2025-12-24 12:30:30] - [INFO] MySQL 연결 완료 in instance_volume.py
[2025-12-24 12:30:30] - [INFO] 테이블 초기 셋팅 완료 in instance_volume.py
[2025-12-24 12:30:30] - [INFO] 인스턴스 볼륨 목록 수집 시작 in instance_volume.py
[2025-12-24 12:30:31] - [INFO] 인스턴스 볼륨 목록 저장 완료 in instance_volume.py
[2025-12-24 12:35:24] - [INFO] API 연결 완료 in instance_volume.py
[2025-12-24 12:35:24] - [INFO] MySQL 연결 완료 in instance_volume.py
[2025-12-24 12:35:24] - [INFO] 테이블 초기 셋팅 완료 in instance_volume.py
[2025-12-24 12:35:24] - [INFO] 인스턴스 볼륨 목록 수집 시작 in instance_volume.py
[2025-12-24 12:35:25] - [INFO] 인스턴스 볼륨 목록 저장 완료 in instance_volume.py
[2025-12-24 12:40:25] - [INFO] API 연결 완료 in instance_volume.py
[2025-12-24 12:40:25] - [INFO] MySQL 연결 완료 in instance_volume.py
[2025-12-24 12:40:25] - [INFO] 테이블 초기 셋팅 완료 in instance_volume.py
[2025-12-24 12:40:25] - [INFO] 인스턴스 볼륨 목록 수집 시작 in instance_volume.py
[2025-12-24 12:40:26] - [INFO] 인스턴스 볼륨 목록 저장 완료 in instance_volume.py
[2025-12-24 12:45:27] - [INFO] API 연결 완료 in instance_volume.py
[2025-12-24 12:45:27] - [INFO] MySQL 연결 완료 in instance_volume.py
[2025-12-24 12:45:27] - [INFO] 테이블 초기 셋팅 완료 in instance_volume.py
[2025-12-24 12:45:27] - [INFO] 인스턴스 볼륨 목록 수집 시작 in instance_volume.py
[2025-12-24 12:45:28] - [INFO] 인스턴스 볼륨 목록 저장 완료 in instance_volume.py
[2025-12-24 12:50:31] - [INFO] API 연결 완료 in instance_volume.py
[2025-12-24 12:50:31] - [INFO] MySQL 연결 완료 in instance_volume.py
[2025-12-24 12:50:31] - [INFO] 테이블 초기 셋팅 완료 in instance_volume.py
[2025-12-24 12:50:31] - [INFO] 인스턴스 볼륨 목록 수집 시작 in instance_volume.py
[2025-12-24 12:50:31] - [INFO] 인스턴스 볼륨 목록 저장 완료 in instance_volume.py
[2025-12-24 12:55:27] - [INFO] API 연결 완료 in instance_volume.py
[2025-12-24 12:55:27] - [INFO] MySQL 연결 완료 in instance_volume.py
[2025-12-24 12:55:27] - [INFO] 테이블 초기 셋팅 완료 in instance_volume.py
[2025-12-24 12:55:27] - [INFO] 인스턴스 볼륨 목록 수집 시작 in instance_volume.py
[2025-12-24 12:55:28] - [INFO] 인스턴스 볼륨 목록 저장 완료 in instance_volume.py
[2025-12-24 13:00:26] - [INFO] API 연결 완료 in instance_volume.py
[2025-12-24 13:00:26] - [INFO] MySQL 연결 완료 in instance_volume.py
[2025-12-24 13:00:26] - [INFO] 테이블 초기 셋팅 완료 in instance_volume.py
[2025-12-24 13:00:26] - [INFO] 인스턴스 볼륨 목록 수집 시작 in instance_volume.py
[2025-12-24 13:00:27] - [INFO] 인스턴스 볼륨 목록 저장 완료 in instance_volume.py
[2025-12-24 13:05:28] - [INFO] API 연결 완료 in instance_volume.py
[2025-12-24 13:05:28] - [INFO] MySQL 연결 완료 in instance_volume.py
[2025-12-24 13:05:28] - [INFO] 테이블 초기 셋팅 완료 in instance_volume.py
[2025-12-24 13:05:28] - [INFO] 인스턴스 볼륨 목록 수집 시작 in instance_volume.py
[2025-12-24 13:05:29] - [INFO] 인스턴스 볼륨 목록 저장 완료 in instance_volume.py
[2025-12-24 13:10:27] - [INFO] API 연결 완료 in instance_volume.py
[2025-12-24 13:10:27] - [INFO] MySQL 연결 완료 in instance_volume.py
[2025-12-24 13:10:27] - [INFO] 테이블 초기 셋팅 완료 in instance_volume.py
[2025-12-24 13:10:27] - [INFO] 인스턴스 볼륨 목록 수집 시작 in instance_volume.py
[2025-12-24 13:10:28] - [INFO] 인스턴스 볼륨 목록 저장 완료 in instance_volume.py
[2025-12-24 13:15:28] - [INFO] API 연결 완료 in instance_volume.py
[2025-12-24 13:15:28] - [INFO] MySQL 연결 완료 in instance_volume.py
[2025-12-24 13:15:28] - [INFO] 테이블 초기 셋팅 완료 in instance_volume.py
[2025-12-24 13:15:28] - [INFO] 인스턴스 볼륨 목록 수집 시작 in instance_volume.py
[2025-12-24 13:15:29] - [INFO] 인스턴스 볼륨 목록 저장 완료 in instance_volume.py
[2025-12-24 13:20:26] - [INFO] API 연결 완료 in instance_volume.py
[2025-12-24 13:20:26] - [INFO] MySQL 연결 완료 in instance_volume.py
[2025-12-24 13:20:26] - [INFO] 테이블 초기 셋팅 완료 in instance_volume.py
[2025-12-24 13:20:26] - [INFO] 인스턴스 볼륨 목록 수집 시작 in instance_volume.py
[2025-12-24 13:20:26] - [INFO] 인스턴스 볼륨 목록 저장 완료 in instance_volume.py
[2025-12-27 22:30:25] - [INFO] API 연결 완료 in instance_volume.py
[2025-12-27 22:30:25] - [INFO] MySQL 연결 완료 in instance_volume.py
[2025-12-27 22:30:25] - [INFO] 테이블 초기 셋팅 완료 in instance_volume.py
[2025-12-27 22:30:25] - [INFO] 인스턴스 볼륨 목록 수집 시작 in instance_volume.py
[2025-12-27 22:30:26] - [INFO] 인스턴스 볼륨 목록 저장 완료 in instance_volume.py
[2025-12-27 22:35:28] - [INFO] API 연결 완료 in instance_volume.py
[2025-12-27 22:35:28] - [INFO] MySQL 연결 완료 in instance_volume.py
[2025-12-27 22:35:28] - [INFO] 테이블 초기 셋팅 완료 in instance_volume.py
[2025-12-27 22:35:28] - [INFO] 인스턴스 볼륨 목록 수집 시작 in instance_volume.py
[2025-12-27 22:35:29] - [INFO] 인스턴스 볼륨 목록 저장 완료 in instance_volume.py
[2025-12-27 22:40:25] - [INFO] API 연결 완료 in instance_volume.py
[2025-12-27 22:40:25] - [INFO] MySQL 연결 완료 in instance_volume.py
[2025-12-27 22:40:25] - [INFO] 테이블 초기 셋팅 완료 in instance_volume.py
[2025-12-27 22:40:25] - [INFO] 인스턴스 볼륨 목록 수집 시작 in instance_volume.py
[2025-12-27 22:40:26] - [INFO] 인스턴스 볼륨 목록 저장 완료 in instance_volume.py
[2025-12-27 22:45:26] - [INFO] API 연결 완료 in instance_volume.py
[2025-12-27 22:45:26] - [INFO] MySQL 연결 완료 in instance_volume.py
[2025-12-27 22:45:26] - [INFO] 테이블 초기 셋팅 완료 in instance_volume.py
[2025-12-27 22:45:26] - [INFO] 인스턴스 볼륨 목록 수집 시작 in instance_volume.py
[2025-12-27 22:45:27] - [INFO] 인스턴스 볼륨 목록 저장 완료 in instance_volume.py
[2025-12-27 22:50:26] - [INFO] API 연결 완료 in instance_volume.py
[2025-12-27 22:50:26] - [INFO] MySQL 연결 완료 in instance_volume.py
[2025-12-27 22:50:26] - [INFO] 테이블 초기 셋팅 완료 in instance_volume.py
[2025-12-27 22:50:26] - [INFO] 인스턴스 볼륨 목록 수집 시작 in instance_volume.py
[2025-12-27 22:50:27] - [INFO] 인스턴스 볼륨 목록 저장 완료 in instance_volume.py
[2025-12-27 22:55:27] - [INFO] API 연결 완료 in instance_volume.py
[2025-12-27 22:55:27] - [INFO] MySQL 연결 완료 in instance_volume.py
[2025-12-27 22:55:27] - [INFO] 테이블 초기 셋팅 완료 in instance_volume.py
[2025-12-27 22:55:27] - [INFO] 인스턴스 볼륨 목록 수집 시작 in instance_volume.py
[2025-12-27 22:55:28] - [INFO] 인스턴스 볼륨 목록 저장 완료 in instance_volume.py
[2025-12-27 23:00:33] - [INFO] API 연결 완료 in instance_volume.py
[2025-12-27 23:00:33] - [INFO] MySQL 연결 완료 in instance_volume.py
[2025-12-27 23:00:33] - [INFO] 테이블 초기 셋팅 완료 in instance_volume.py
[2025-12-27 23:00:33] - [INFO] 인스턴스 볼륨 목록 수집 시작 in instance_volume.py
[2025-12-27 23:00:33] - [INFO] 인스턴스 볼륨 목록 저장 완료 in instance_volume.py
[2025-12-27 23:05:26] - [INFO] API 연결 완료 in instance_volume.py
[2025-12-27 23:05:26] - [INFO] MySQL 연결 완료 in instance_volume.py
[2025-12-27 23:05:26] - [INFO] 테이블 초기 셋팅 완료 in instance_volume.py
[2025-12-27 23:05:26] - [INFO] 인스턴스 볼륨 목록 수집 시작 in instance_volume.py
[2025-12-27 23:05:26] - [INFO] 인스턴스 볼륨 목록 저장 완료 in instance_volume.py
[2025-12-27 23:10:26] - [INFO] API 연결 완료 in instance_volume.py
[2025-12-27 23:10:26] - [INFO] MySQL 연결 완료 in instance_volume.py
[2025-12-27 23:10:26] - [INFO] 테이블 초기 셋팅 완료 in instance_volume.py
[2025-12-27 23:10:26] - [INFO] 인스턴스 볼륨 목록 수집 시작 in instance_volume.py
[2025-12-27 23:10:27] - [INFO] 인스턴스 볼륨 목록 저장 완료 in instance_volume.py
[2025-12-27 23:15:25] - [INFO] API 연결 완료 in instance_volume.py
[2025-12-27 23:15:25] - [INFO] MySQL 연결 완료 in instance_volume.py
[2025-12-27 23:15:25] - [INFO] 테이블 초기 셋팅 완료 in instance_volume.py
[2025-12-27 23:15:25] - [INFO] 인스턴스 볼륨 목록 수집 시작 in instance_volume.py
[2025-12-27 23:15:26] - [INFO] 인스턴스 볼륨 목록 저장 완료 in instance_volume.py
