[2025-12-24 10:55:56] - [INFO] MySQL 연결 완료 in lb_list.py
[2025-12-24 10:55:57] - [INFO] API 연결 완료 in lb_list.py
[2025-12-24 10:55:57] - [INFO] 테이블 초기 셋팅 완료 in lb_list.py
[2025-12-24 10:55:57] - [INFO] load_compartments_with_parents() 완료 in lb_list.py
[2025-12-24 10:55:57] - [INFO] build_compartment_paths() 완료 in lb_list.py
[2025-12-24 10:55:57] - [INFO] Load Balancer 목록 수집 시작 in lb_list.py
[2025-12-24 10:56:02] - [INFO] 삭제된 LB 정리 완료, 0개 행 삭제 in lb_list.py
[2025-12-24 10:56:02] - [INFO] Load Balancer 목록 저장 완료 in lb_list.py
[2025-12-24 11:00:51] - [INFO] MySQL 연결 완료 in lb_list.py
[2025-12-24 11:00:51] - [INFO] API 연결 완료 in lb_list.py
[2025-12-24 11:00:51] - [INFO] 테이블 초기 셋팅 완료 in lb_list.py
[2025-12-24 11:00:51] - [INFO] load_compartments_with_parents() 완료 in lb_list.py
[2025-12-24 11:00:51] - [INFO] build_compartment_paths() 완료 in lb_list.py
[2025-12-24 11:00:51] - [INFO] Load Balancer 목록 수집 시작 in lb_list.py
[2025-12-24 11:00:55] - [INFO] 삭제된 LB 정리 완료, 0개 행 삭제 in lb_list.py
[2025-12-24 11:00:55] - [INFO] Load Balancer 목록 저장 완료 in lb_list.py
[2025-12-24 11:05:45] - [INFO] MySQL 연결 완료 in lb_list.py
[2025-12-24 11:05:45] - [INFO] API 연결 완료 in lb_list.py
[2025-12-24 11:05:45] - [INFO] 테이블 초기 셋팅 완료 in lb_list.py
[2025-12-24 11:05:46] - [INFO] load_compartments_with_parents() 완료 in lb_list.py
[2025-12-24 11:05:46] - [INFO] build_compartment_paths() 완료 in lb_list.py
[2025-12-24 11:05:46] - [INFO] Load Balancer 목록 수집 시작 in lb_list.py
[2025-12-24 11:05:49] - [INFO] 삭제된 LB 정리 완료, 0개 행 삭제 in lb_list.py
[2025-12-24 11:05:49] - [INFO] Load Balancer 목록 저장 완료 in lb_list.py
[2025-12-24 11:10:55] - [INFO] MySQL 연결 완료 in lb_list.py
[2025-12-24 11:10:55] - [INFO] API 연결 완료 in lb_list.py
[2025-12-24 11:10:55] - [INFO] 테이블 초기 셋팅 완료 in lb_list.py
[2025-12-24 11:10:55] - [INFO] load_compartments_with_parents() 완료 in lb_list.py
[2025-12-24 11:10:55] - [INFO] build_compartment_paths() 완료 in lb_list.py
[2025-12-24 11:10:55] - [INFO] Load Balancer 목록 수집 시작 in lb_list.py
[2025-12-24 11:11:00] - [INFO] 삭제된 LB 정리 완료, 0개 행 삭제 in lb_list.py
[2025-12-24 11:11:00] - [INFO] Load Balancer 목록 저장 완료 in lb_list.py
[2025-12-24 11:15:47] - [INFO] MySQL 연결 완료 in lb_list.py
[2025-12-24 11:15:47] - [INFO] API 연결 완료 in lb_list.py
[2025-12-24 11:15:47] - [INFO] 테이블 초기 셋팅 완료 in lb_list.py
[2025-12-24 11:15:47] - [INFO] load_compartments_with_parents() 완료 in lb_list.py
[2025-12-24 11:15:47] - [INFO] build_compartment_paths() 완료 in lb_list.py
[2025-12-24 11:15:47] - [INFO] Load Balancer 목록 수집 시작 in lb_list.py
[2025-12-24 11:15:52] - [INFO] 삭제된 LB 정리 완료, 0개 행 삭제 in lb_list.py
[2025-12-24 11:15:52] - [INFO] Load Balancer 목록 저장 완료 in lb_list.py
[2025-12-24 11:20:59] - [INFO] MySQL 연결 완료 in lb_list.py
[2025-12-24 11:21:00] - [INFO] API 연결 완료 in lb_list.py
[2025-12-24 11:21:00] - [INFO] 테이블 초기 셋팅 완료 in lb_list.py
[2025-12-24 11:21:00] - [INFO] load_compartments_with_parents() 완료 in lb_list.py
[2025-12-24 11:21:00] - [INFO] build_compartment_paths() 완료 in lb_list.py
[2025-12-24 11:21:00] - [INFO] Load Balancer 목록 수집 시작 in lb_list.py
[2025-12-24 11:21:06] - [INFO] 삭제된 LB 정리 완료, 0개 행 삭제 in lb_list.py
[2025-12-24 11:21:06] - [INFO] Load Balancer 목록 저장 완료 in lb_list.py
[2025-12-24 11:25:46] - [INFO] MySQL 연결 완료 in lb_list.py
[2025-12-24 11:25:46] - [INFO] API 연결 완료 in lb_list.py
[2025-12-24 11:25:46] - [INFO] 테이블 초기 셋팅 완료 in lb_list.py
[2025-12-24 11:25:46] - [INFO] load_compartments_with_parents() 완료 in lb_list.py
[2025-12-24 11:25:46] - [INFO] build_compartment_paths() 완료 in lb_list.py
[2025-12-24 11:25:46] - [INFO] Load Balancer 목록 수집 시작 in lb_list.py
[2025-12-24 11:25:50] - [INFO] 삭제된 LB 정리 완료, 0개 행 삭제 in lb_list.py
[2025-12-24 11:25:50] - [INFO] Load Balancer 목록 저장 완료 in lb_list.py
[2025-12-24 11:30:57] - [INFO] MySQL 연결 완료 in lb_list.py
[2025-12-24 11:30:58] - [INFO] API 연결 완료 in lb_list.py
[2025-12-24 11:30:58] - [INFO] 테이블 초기 셋팅 완료 in lb_list.py
[2025-12-24 11:30:58] - [INFO] load_compartments_with_parents() 완료 in lb_list.py
[2025-12-24 11:30:58] - [INFO] build_compartment_paths() 완료 in lb_list.py
[2025-12-24 11:30:58] - [INFO] Load Balancer 목록 수집 시작 in lb_list.py
[2025-12-24 11:31:02] - [INFO] 삭제된 LB 정리 완료, 0개 행 삭제 in lb_list.py
[2025-12-24 11:31:02] - [INFO] Load Balancer 목록 저장 완료 in lb_list.py
[2025-12-24 11:35:44] - [INFO] MySQL 연결 완료 in lb_list.py
[2025-12-24 11:35:44] - [INFO] API 연결 완료 in lb_list.py
[2025-12-24 11:35:44] - [INFO] 테이블 초기 셋팅 완료 in lb_list.py
[2025-12-24 11:35:45] - [INFO] load_compartments_with_parents() 완료 in lb_list.py
[2025-12-24 11:35:45] - [INFO] build_compartment_paths() 완료 in lb_list.py
[2025-12-24 11:35:45] - [INFO] Load Balancer 목록 수집 시작 in lb_list.py
[2025-12-24 11:35:49] - [INFO] 삭제된 LB 정리 완료, 0개 행 삭제 in lb_list.py
[2025-12-24 11:35:49] - [INFO] Load Balancer 목록 저장 완료 in lb_list.py
[2025-12-24 11:40:48] - [INFO] MySQL 연결 완료 in lb_list.py
[2025-12-24 11:40:48] - [INFO] API 연결 완료 in lb_list.py
[2025-12-24 11:40:48] - [INFO] 테이블 초기 셋팅 완료 in lb_list.py
[2025-12-24 11:40:48] - [INFO] load_compartments_with_parents() 완료 in lb_list.py
[2025-12-24 11:40:48] - [INFO] build_compartment_paths() 완료 in lb_list.py
[2025-12-24 11:40:48] - [INFO] Load Balancer 목록 수집 시작 in lb_list.py
[2025-12-24 11:40:53] - [INFO] 삭제된 LB 정리 완료, 0개 행 삭제 in lb_list.py
[2025-12-24 11:40:53] - [INFO] Load Balancer 목록 저장 완료 in lb_list.py
[2025-12-24 11:45:54] - [INFO] MySQL 연결 완료 in lb_list.py
[2025-12-24 11:45:54] - [INFO] API 연결 완료 in lb_list.py
[2025-12-24 11:45:54] - [INFO] 테이블 초기 셋팅 완료 in lb_list.py
[2025-12-24 11:45:54] - [INFO] load_compartments_with_parents() 완료 in lb_list.py
[2025-12-24 11:45:54] - [INFO] build_compartment_paths() 완료 in lb_list.py
[2025-12-24 11:45:54] - [INFO] Load Balancer 목록 수집 시작 in lb_list.py
[2025-12-24 11:45:58] - [INFO] 삭제된 LB 정리 완료, 0개 행 삭제 in lb_list.py
[2025-12-24 11:45:58] - [INFO] Load Balancer 목록 저장 완료 in lb_list.py
[2025-12-24 11:50:46] - [INFO] MySQL 연결 완료 in lb_list.py
[2025-12-24 11:50:47] - [INFO] API 연결 완료 in lb_list.py
[2025-12-24 11:50:47] - [INFO] 테이블 초기 셋팅 완료 in lb_list.py
[2025-12-24 11:50:47] - [INFO] load_compartments_with_parents() 완료 in lb_list.py
[2025-12-24 11:50:47] - [INFO] build_compartment_paths() 완료 in lb_list.py
[2025-12-24 11:50:47] - [INFO] Load Balancer 목록 수집 시작 in lb_list.py
[2025-12-24 11:50:50] - [INFO] 삭제된 LB 정리 완료, 0개 행 삭제 in lb_list.py
[2025-12-24 11:50:50] - [INFO] Load Balancer 목록 저장 완료 in lb_list.py
[2025-12-24 11:56:03] - [INFO] MySQL 연결 완료 in lb_list.py
[2025-12-24 11:56:03] - [INFO] API 연결 완료 in lb_list.py
[2025-12-24 11:56:03] - [INFO] 테이블 초기 셋팅 완료 in lb_list.py
[2025-12-24 11:56:03] - [INFO] load_compartments_with_parents() 완료 in lb_list.py
[2025-12-24 11:56:03] - [INFO] build_compartment_paths() 완료 in lb_list.py
[2025-12-24 11:56:03] - [INFO] Load Balancer 목록 수집 시작 in lb_list.py
[2025-12-24 11:56:08] - [INFO] 삭제된 LB 정리 완료, 0개 행 삭제 in lb_list.py
[2025-12-24 11:56:08] - [INFO] Load Balancer 목록 저장 완료 in lb_list.py
[2025-12-24 12:00:51] - [INFO] MySQL 연결 완료 in lb_list.py
[2025-12-24 12:00:51] - [INFO] API 연결 완료 in lb_list.py
[2025-12-24 12:00:51] - [INFO] 테이블 초기 셋팅 완료 in lb_list.py
[2025-12-24 12:00:52] - [INFO] load_compartments_with_parents() 완료 in lb_list.py
[2025-12-24 12:00:52] - [INFO] build_compartment_paths() 완료 in lb_list.py
[2025-12-24 12:00:52] - [INFO] Load Balancer 목록 수집 시작 in lb_list.py
[2025-12-24 12:00:55] - [INFO] 삭제된 LB 정리 완료, 0개 행 삭제 in lb_list.py
[2025-12-24 12:00:55] - [INFO] Load Balancer 목록 저장 완료 in lb_list.py
[2025-12-24 12:05:54] - [INFO] MySQL 연결 완료 in lb_list.py
[2025-12-24 12:05:54] - [INFO] API 연결 완료 in lb_list.py
[2025-12-24 12:05:54] - [INFO] 테이블 초기 셋팅 완료 in lb_list.py
[2025-12-24 12:05:55] - [INFO] load_compartments_with_parents() 완료 in lb_list.py
[2025-12-24 12:05:55] - [INFO] build_compartment_paths() 완료 in lb_list.py
[2025-12-24 12:05:55] - [INFO] Load Balancer 목록 수집 시작 in lb_list.py
[2025-12-24 12:05:58] - [INFO] 삭제된 LB 정리 완료, 0개 행 삭제 in lb_list.py
[2025-12-24 12:05:58] - [INFO] Load Balancer 목록 저장 완료 in lb_list.py
[2025-12-24 12:10:43] - [INFO] MySQL 연결 완료 in lb_list.py
[2025-12-24 12:10:43] - [INFO] API 연결 완료 in lb_list.py
[2025-12-24 12:10:43] - [INFO] 테이블 초기 셋팅 완료 in lb_list.py
[2025-12-24 12:10:44] - [INFO] load_compartments_with_parents() 완료 in lb_list.py
[2025-12-24 12:10:44] - [INFO] build_compartment_paths() 완료 in lb_list.py
[2025-12-24 12:10:44] - [INFO] Load Balancer 목록 수집 시작 in lb_list.py
[2025-12-24 12:10:47] - [INFO] 삭제된 LB 정리 완료, 0개 행 삭제 in lb_list.py
[2025-12-24 12:10:47] - [INFO] Load Balancer 목록 저장 완료 in lb_list.py
[2025-12-24 12:15:56] - [INFO] MySQL 연결 완료 in lb_list.py
[2025-12-24 12:15:57] - [INFO] API 연결 완료 in lb_list.py
[2025-12-24 12:15:57] - [INFO] 테이블 초기 셋팅 완료 in lb_list.py
[2025-12-24 12:15:57] - [INFO] load_compartments_with_parents() 완료 in lb_list.py
[2025-12-24 12:15:57] - [INFO] build_compartment_paths() 완료 in lb_list.py
[2025-12-24 12:15:57] - [INFO] Load Balancer 목록 수집 시작 in lb_list.py
[2025-12-24 12:16:02] - [INFO] 삭제된 LB 정리 완료, 0개 행 삭제 in lb_list.py
[2025-12-24 12:16:02] - [INFO] Load Balancer 목록 저장 완료 in lb_list.py
[2025-12-24 12:20:50] - [INFO] MySQL 연결 완료 in lb_list.py
[2025-12-24 12:20:50] - [INFO] API 연결 완료 in lb_list.py
[2025-12-24 12:20:50] - [INFO] 테이블 초기 셋팅 완료 in lb_list.py
[2025-12-24 12:20:50] - [INFO] load_compartments_with_parents() 완료 in lb_list.py
[2025-12-24 12:20:50] - [INFO] build_compartment_paths() 완료 in lb_list.py
[2025-12-24 12:20:50] - [INFO] Load Balancer 목록 수집 시작 in lb_list.py
[2025-12-24 12:20:55] - [INFO] 삭제된 LB 정리 완료, 0개 행 삭제 in lb_list.py
[2025-12-24 12:20:55] - [INFO] Load Balancer 목록 저장 완료 in lb_list.py
[2025-12-24 12:25:46] - [INFO] MySQL 연결 완료 in lb_list.py
[2025-12-24 12:25:46] - [INFO] API 연결 완료 in lb_list.py
[2025-12-24 12:25:46] - [INFO] 테이블 초기 셋팅 완료 in lb_list.py
[2025-12-24 12:25:46] - [INFO] load_compartments_with_parents() 완료 in lb_list.py
[2025-12-24 12:25:46] - [INFO] build_compartment_paths() 완료 in lb_list.py
[2025-12-24 12:25:46] - [INFO] Load Balancer 목록 수집 시작 in lb_list.py
[2025-12-24 12:25:51] - [INFO] 삭제된 LB 정리 완료, 0개 행 삭제 in lb_list.py
[2025-12-24 12:25:51] - [INFO] Load Balancer 목록 저장 완료 in lb_list.py
[2025-12-24 12:31:00] - [INFO] MySQL 연결 완료 in lb_list.py
[2025-12-24 12:31:00] - [INFO] API 연결 완료 in lb_list.py
[2025-12-24 12:31:00] - [INFO] 테이블 초기 셋팅 완료 in lb_list.py
[2025-12-24 12:31:00] - [INFO] load_compartments_with_parents() 완료 in lb_list.py
[2025-12-24 12:31:00] - [INFO] build_compartment_paths() 완료 in lb_list.py
[2025-12-24 12:31:00] - [INFO] Load Balancer 목록 수집 시작 in lb_list.py
[2025-12-24 12:31:08] - [INFO] 삭제된 LB 정리 완료, 0개 행 삭제 in lb_list.py
[2025-12-24 12:31:08] - [INFO] Load Balancer 목록 저장 완료 in lb_list.py
[2025-12-24 12:35:42] - [INFO] MySQL 연결 완료 in lb_list.py
[2025-12-24 12:35:42] - [INFO] API 연결 완료 in lb_list.py
[2025-12-24 12:35:42] - [INFO] 테이블 초기 셋팅 완료 in lb_list.py
[2025-12-24 12:35:43] - [INFO] load_compartments_with_parents() 완료 in lb_list.py
[2025-12-24 12:35:43] - [INFO] build_compartment_paths() 완료 in lb_list.py
[2025-12-24 12:35:43] - [INFO] Load Balancer 목록 수집 시작 in lb_list.py
[2025-12-24 12:35:47] - [INFO] 삭제된 LB 정리 완료, 0개 행 삭제 in lb_list.py
[2025-12-24 12:35:47] - [INFO] Load Balancer 목록 저장 완료 in lb_list.py
[2025-12-24 12:40:50] - [INFO] MySQL 연결 완료 in lb_list.py
[2025-12-24 12:40:51] - [INFO] API 연결 완료 in lb_list.py
[2025-12-24 12:40:51] - [INFO] 테이블 초기 셋팅 완료 in lb_list.py
[2025-12-24 12:40:51] - [INFO] load_compartments_with_parents() 완료 in lb_list.py
[2025-12-24 12:40:51] - [INFO] build_compartment_paths() 완료 in lb_list.py
[2025-12-24 12:40:51] - [INFO] Load Balancer 목록 수집 시작 in lb_list.py
[2025-12-24 12:40:57] - [INFO] 삭제된 LB 정리 완료, 0개 행 삭제 in lb_list.py
[2025-12-24 12:40:57] - [INFO] Load Balancer 목록 저장 완료 in lb_list.py
[2025-12-24 12:45:50] - [INFO] MySQL 연결 완료 in lb_list.py
[2025-12-24 12:45:50] - [INFO] API 연결 완료 in lb_list.py
[2025-12-24 12:45:50] - [INFO] 테이블 초기 셋팅 완료 in lb_list.py
[2025-12-24 12:45:50] - [INFO] load_compartments_with_parents() 완료 in lb_list.py
[2025-12-24 12:45:50] - [INFO] build_compartment_paths() 완료 in lb_list.py
[2025-12-24 12:45:50] - [INFO] Load Balancer 목록 수집 시작 in lb_list.py
[2025-12-24 12:45:55] - [INFO] 삭제된 LB 정리 완료, 0개 행 삭제 in lb_list.py
[2025-12-24 12:45:55] - [INFO] Load Balancer 목록 저장 완료 in lb_list.py
[2025-12-24 12:50:52] - [INFO] MySQL 연결 완료 in lb_list.py
[2025-12-24 12:50:53] - [INFO] API 연결 완료 in lb_list.py
[2025-12-24 12:50:53] - [INFO] 테이블 초기 셋팅 완료 in lb_list.py
[2025-12-24 12:50:53] - [INFO] load_compartments_with_parents() 완료 in lb_list.py
[2025-12-24 12:50:53] - [INFO] build_compartment_paths() 완료 in lb_list.py
[2025-12-24 12:50:53] - [INFO] Load Balancer 목록 수집 시작 in lb_list.py
[2025-12-24 12:50:57] - [INFO] 삭제된 LB 정리 완료, 0개 행 삭제 in lb_list.py
[2025-12-24 12:50:57] - [INFO] Load Balancer 목록 저장 완료 in lb_list.py
[2025-12-24 12:55:44] - [INFO] MySQL 연결 완료 in lb_list.py
[2025-12-24 12:55:45] - [INFO] API 연결 완료 in lb_list.py
[2025-12-24 12:55:45] - [INFO] 테이블 초기 셋팅 완료 in lb_list.py
[2025-12-24 12:55:45] - [INFO] load_compartments_with_parents() 완료 in lb_list.py
[2025-12-24 12:55:45] - [INFO] build_compartment_paths() 완료 in lb_list.py
[2025-12-24 12:55:45] - [INFO] Load Balancer 목록 수집 시작 in lb_list.py
[2025-12-24 12:55:49] - [INFO] 삭제된 LB 정리 완료, 0개 행 삭제 in lb_list.py
[2025-12-24 12:55:49] - [INFO] Load Balancer 목록 저장 완료 in lb_list.py
[2025-12-24 13:00:45] - [INFO] MySQL 연결 완료 in lb_list.py
[2025-12-24 13:00:46] - [INFO] API 연결 완료 in lb_list.py
[2025-12-24 13:00:46] - [INFO] 테이블 초기 셋팅 완료 in lb_list.py
[2025-12-24 13:00:46] - [INFO] load_compartments_with_parents() 완료 in lb_list.py
[2025-12-24 13:00:46] - [INFO] build_compartment_paths() 완료 in lb_list.py
[2025-12-24 13:00:46] - [INFO] Load Balancer 목록 수집 시작 in lb_list.py
[2025-12-24 13:00:50] - [INFO] 삭제된 LB 정리 완료, 0개 행 삭제 in lb_list.py
[2025-12-24 13:00:50] - [INFO] Load Balancer 목록 저장 완료 in lb_list.py
[2025-12-24 13:05:49] - [INFO] MySQL 연결 완료 in lb_list.py
[2025-12-24 13:05:49] - [INFO] API 연결 완료 in lb_list.py
[2025-12-24 13:05:49] - [INFO] 테이블 초기 셋팅 완료 in lb_list.py
[2025-12-24 13:05:50] - [INFO] load_compartments_with_parents() 완료 in lb_list.py
[2025-12-24 13:05:50] - [INFO] build_compartment_paths() 완료 in lb_list.py
[2025-12-24 13:05:50] - [INFO] Load Balancer 목록 수집 시작 in lb_list.py
[2025-12-24 13:05:53] - [INFO] 삭제된 LB 정리 완료, 0개 행 삭제 in lb_list.py
[2025-12-24 13:05:53] - [INFO] Load Balancer 목록 저장 완료 in lb_list.py
[2025-12-24 13:10:47] - [INFO] MySQL 연결 완료 in lb_list.py
[2025-12-24 13:10:48] - [INFO] API 연결 완료 in lb_list.py
[2025-12-24 13:10:48] - [INFO] 테이블 초기 셋팅 완료 in lb_list.py
[2025-12-24 13:10:48] - [INFO] load_compartments_with_parents() 완료 in lb_list.py
[2025-12-24 13:10:48] - [INFO] build_compartment_paths() 완료 in lb_list.py
[2025-12-24 13:10:48] - [INFO] Load Balancer 목록 수집 시작 in lb_list.py
[2025-12-24 13:10:54] - [INFO] 삭제된 LB 정리 완료, 0개 행 삭제 in lb_list.py
[2025-12-24 13:10:54] - [INFO] Load Balancer 목록 저장 완료 in lb_list.py
[2025-12-24 13:15:56] - [INFO] MySQL 연결 완료 in lb_list.py
[2025-12-24 13:15:56] - [INFO] API 연결 완료 in lb_list.py
[2025-12-24 13:15:56] - [INFO] 테이블 초기 셋팅 완료 in lb_list.py
[2025-12-24 13:15:56] - [INFO] load_compartments_with_parents() 완료 in lb_list.py
[2025-12-24 13:15:56] - [INFO] build_compartment_paths() 완료 in lb_list.py
[2025-12-24 13:15:56] - [INFO] Load Balancer 목록 수집 시작 in lb_list.py
[2025-12-24 13:16:01] - [INFO] 삭제된 LB 정리 완료, 0개 행 삭제 in lb_list.py
[2025-12-24 13:16:01] - [INFO] Load Balancer 목록 저장 완료 in lb_list.py
[2025-12-24 13:20:43] - [INFO] MySQL 연결 완료 in lb_list.py
[2025-12-24 13:20:44] - [INFO] API 연결 완료 in lb_list.py
[2025-12-24 13:20:44] - [INFO] 테이블 초기 셋팅 완료 in lb_list.py
[2025-12-24 13:20:44] - [INFO] load_compartments_with_parents() 완료 in lb_list.py
[2025-12-24 13:20:44] - [INFO] build_compartment_paths() 완료 in lb_list.py
[2025-12-24 13:20:44] - [INFO] Load Balancer 목록 수집 시작 in lb_list.py
[2025-12-24 13:20:47] - [INFO] 삭제된 LB 정리 완료, 0개 행 삭제 in lb_list.py
[2025-12-24 13:20:47] - [INFO] Load Balancer 목록 저장 완료 in lb_list.py
[2025-12-27 22:30:43] - [INFO] MySQL 연결 완료 in lb_list.py
[2025-12-27 22:30:44] - [INFO] API 연결 완료 in lb_list.py
[2025-12-27 22:30:44] - [INFO] 테이블 초기 셋팅 완료 in lb_list.py
[2025-12-27 22:30:44] - [INFO] load_compartments_with_parents() 완료 in lb_list.py
[2025-12-27 22:30:44] - [INFO] build_compartment_paths() 완료 in lb_list.py
[2025-12-27 22:30:44] - [INFO] Load Balancer 목록 수집 시작 in lb_list.py
[2025-12-27 22:30:48] - [INFO] 삭제된 LB 정리 완료, 0개 행 삭제 in lb_list.py
[2025-12-27 22:30:48] - [INFO] Load Balancer 목록 저장 완료 in lb_list.py
[2025-12-27 22:35:50] - [INFO] MySQL 연결 완료 in lb_list.py
[2025-12-27 22:35:50] - [INFO] API 연결 완료 in lb_list.py
[2025-12-27 22:35:50] - [INFO] 테이블 초기 셋팅 완료 in lb_list.py
[2025-12-27 22:35:51] - [INFO] load_compartments_with_parents() 완료 in lb_list.py
[2025-12-27 22:35:51] - [INFO] build_compartment_paths() 완료 in lb_list.py
[2025-12-27 22:35:51] - [INFO] Load Balancer 목록 수집 시작 in lb_list.py
[2025-12-27 22:35:55] - [INFO] 삭제된 LB 정리 완료, 0개 행 삭제 in lb_list.py
[2025-12-27 22:35:55] - [INFO] Load Balancer 목록 저장 완료 in lb_list.py
[2025-12-27 22:40:43] - [INFO] MySQL 연결 완료 in lb_list.py
[2025-12-27 22:40:43] - [INFO] API 연결 완료 in lb_list.py
[2025-12-27 22:40:43] - [INFO] 테이블 초기 셋팅 완료 in lb_list.py
[2025-12-27 22:40:43] - [INFO] load_compartments_with_parents() 완료 in lb_list.py
[2025-12-27 22:40:43] - [INFO] build_compartment_paths() 완료 in lb_list.py
[2025-12-27 22:40:43] - [INFO] Load Balancer 목록 수집 시작 in lb_list.py
[2025-12-27 22:40:47] - [INFO] 삭제된 LB 정리 완료, 0개 행 삭제 in lb_list.py
[2025-12-27 22:40:47] - [INFO] Load Balancer 목록 저장 완료 in lb_list.py
[2025-12-27 22:45:47] - [INFO] MySQL 연결 완료 in lb_list.py
[2025-12-27 22:45:47] - [INFO] API 연결 완료 in lb_list.py
[2025-12-27 22:45:47] - [INFO] 테이블 초기 셋팅 완료 in lb_list.py
[2025-12-27 22:45:47] - [INFO] load_compartments_with_parents() 완료 in lb_list.py
[2025-12-27 22:45:47] - [INFO] build_compartment_paths() 완료 in lb_list.py
[2025-12-27 22:45:47] - [INFO] Load Balancer 목록 수집 시작 in lb_list.py
[2025-12-27 22:45:51] - [INFO] 삭제된 LB 정리 완료, 0개 행 삭제 in lb_list.py
[2025-12-27 22:45:51] - [INFO] Load Balancer 목록 저장 완료 in lb_list.py
[2025-12-27 22:50:45] - [INFO] MySQL 연결 완료 in lb_list.py
[2025-12-27 22:50:45] - [INFO] API 연결 완료 in lb_list.py
[2025-12-27 22:50:45] - [INFO] 테이블 초기 셋팅 완료 in lb_list.py
[2025-12-27 22:50:45] - [INFO] load_compartments_with_parents() 완료 in lb_list.py
[2025-12-27 22:50:45] - [INFO] build_compartment_paths() 완료 in lb_list.py
[2025-12-27 22:50:45] - [INFO] Load Balancer 목록 수집 시작 in lb_list.py
[2025-12-27 22:50:48] - [INFO] 삭제된 LB 정리 완료, 0개 행 삭제 in lb_list.py
[2025-12-27 22:50:48] - [INFO] Load Balancer 목록 저장 완료 in lb_list.py
[2025-12-27 22:55:44] - [INFO] MySQL 연결 완료 in lb_list.py
[2025-12-27 22:55:44] - [INFO] API 연결 완료 in lb_list.py
[2025-12-27 22:55:44] - [INFO] 테이블 초기 셋팅 완료 in lb_list.py
[2025-12-27 22:55:45] - [INFO] load_compartments_with_parents() 완료 in lb_list.py
[2025-12-27 22:55:45] - [INFO] build_compartment_paths() 완료 in lb_list.py
[2025-12-27 22:55:45] - [INFO] Load Balancer 목록 수집 시작 in lb_list.py
[2025-12-27 22:55:49] - [INFO] 삭제된 LB 정리 완료, 0개 행 삭제 in lb_list.py
[2025-12-27 22:55:49] - [INFO] Load Balancer 목록 저장 완료 in lb_list.py
[2025-12-27 23:00:53] - [INFO] MySQL 연결 완료 in lb_list.py
[2025-12-27 23:00:54] - [INFO] API 연결 완료 in lb_list.py
[2025-12-27 23:00:54] - [INFO] 테이블 초기 셋팅 완료 in lb_list.py
[2025-12-27 23:00:54] - [INFO] load_compartments_with_parents() 완료 in lb_list.py
[2025-12-27 23:00:54] - [INFO] build_compartment_paths() 완료 in lb_list.py
[2025-12-27 23:00:54] - [INFO] Load Balancer 목록 수집 시작 in lb_list.py
[2025-12-27 23:01:00] - [INFO] 삭제된 LB 정리 완료, 0개 행 삭제 in lb_list.py
[2025-12-27 23:01:00] - [INFO] Load Balancer 목록 저장 완료 in lb_list.py
[2025-12-27 23:05:43] - [INFO] MySQL 연결 완료 in lb_list.py
[2025-12-27 23:05:44] - [INFO] API 연결 완료 in lb_list.py
[2025-12-27 23:05:44] - [INFO] 테이블 초기 셋팅 완료 in lb_list.py
[2025-12-27 23:05:44] - [INFO] load_compartments_with_parents() 완료 in lb_list.py
[2025-12-27 23:05:44] - [INFO] build_compartment_paths() 완료 in lb_list.py
[2025-12-27 23:05:44] - [INFO] Load Balancer 목록 수집 시작 in lb_list.py
[2025-12-27 23:05:48] - [INFO] 삭제된 LB 정리 완료, 0개 행 삭제 in lb_list.py
[2025-12-27 23:05:48] - [INFO] Load Balancer 목록 저장 완료 in lb_list.py
[2025-12-27 23:10:48] - [INFO] MySQL 연결 완료 in lb_list.py
[2025-12-27 23:10:48] - [INFO] API 연결 완료 in lb_list.py
[2025-12-27 23:10:48] - [INFO] 테이블 초기 셋팅 완료 in lb_list.py
[2025-12-27 23:10:49] - [INFO] load_compartments_with_parents() 완료 in lb_list.py
[2025-12-27 23:10:49] - [INFO] build_compartment_paths() 완료 in lb_list.py
[2025-12-27 23:10:49] - [INFO] Load Balancer 목록 수집 시작 in lb_list.py
[2025-12-27 23:10:54] - [INFO] 삭제된 LB 정리 완료, 0개 행 삭제 in lb_list.py
[2025-12-27 23:10:54] - [INFO] Load Balancer 목록 저장 완료 in lb_list.py
[2025-12-27 23:15:42] - [INFO] MySQL 연결 완료 in lb_list.py
[2025-12-27 23:15:42] - [INFO] API 연결 완료 in lb_list.py
[2025-12-27 23:15:42] - [INFO] 테이블 초기 셋팅 완료 in lb_list.py
[2025-12-27 23:15:43] - [INFO] load_compartments_with_parents() 완료 in lb_list.py
[2025-12-27 23:15:43] - [INFO] build_compartment_paths() 완료 in lb_list.py
[2025-12-27 23:15:43] - [INFO] Load Balancer 목록 수집 시작 in lb_list.py
[2025-12-27 23:15:47] - [INFO] 삭제된 LB 정리 완료, 0개 행 삭제 in lb_list.py
[2025-12-27 23:15:47] - [INFO] Load Balancer 목록 저장 완료 in lb_list.py
